<?xml version="1.0" encoding="utf-8"?><testsuites name="pytest tests"><testsuite name="pytest" errors="0" failures="0" skipped="0" tests="24" time="3.410" timestamp="2026-09-13T11:54:25.215651+00:00" hostname="agent-env-bb82db99-cf44-4106-96a2-e8f80255160e"><testcase classname="tests.test_events_announcements_notifications.TestNotifications" name="test_donation_emits_notification" time="0.287" /><testcase classname="tests.test_events_announcements_notifications.TestEventsEditDelete" name="test_author_can_patch" time="0.551" /><testcase classname="tests.test_events_announcements_notifications.TestNotifications" name="test_expense_emits_notification" time="0.131" /><testcase classname="tests.test_events_announcements_notifications.TestNotifications" name="test_event_emits_notification" time="0.072" /><testcase classname="tests.test_events_announcements_notifications.TestNotifications" name="test_announcement_emits_notification" time="0.124" /><testcase classname="tests.test_events_announcements_notifications.TestEventsEditDelete" name="test_other_member_cannot_patch" time="0.215" /><testcase classname="tests.test_events_announcements_notifications.TestNotifications" name="test_list_notifications_shape" time="0.085" /><testcase classname="tests.test_events_announcements_notifications.TestNotifications" name="test_unread_count_matches_list" time="0.231" /><testcase classname="tests.test_events_announcements_notifications.TestEventsEditDelete" name="test_president_can_patch" time="0.169" /><testcase classname="tests.test_events_announcements_notifications.TestNotifications" name="test_mark_read_all_scoped_per_user" time="0.413" /><testcase classname="tests.test_events_announcements_notifications.TestEventsEditDelete" name="test_patch_missing_id_returns_404" time="0.083" /><testcase classname="tests.test_events_announcements_notifications.TestEventsEditDelete" name="test_patch_empty_body_returns_400" time="0.242" /><testcase classname="tests.test_events_announcements_notifications.TestEventsEditDelete" name="test_delete_other_member_forbidden" time="0.225" /><testcase classname="tests.test_events_announcements_notifications.TestNotifications" name="test_committee_isolation" time="0.161" /><testcase classname="tests.test_events_announcements_notifications.TestEventsEditDelete" name="test_delete_author_ok_and_cascade_rsvps" time="0.545" /><testcase classname="tests.test_events_announcements_notifications.TestAnnouncementsEditDelete" name="test_author_can_patch" time="0.164" /><testcase classname="tests.test_events_announcements_notifications.TestAnnouncementsEditDelete" name="test_other_member_cannot_patch" time="0.173" /><testcase classname="tests.test_events_announcements_notifications.TestAnnouncementsEditDelete" name="test_president_can_patch" time="0.164" /><testcase classname="tests.test_events_announcements_notifications.TestAnnouncementsEditDelete" name="test_delete_other_member_forbidden" time="0.167" /><testcase classname="tests.test_events_announcements_notifications.TestEventsEditDelete" name="test_delete_missing_returns_404" time="0.130" /><testcase classname="tests.test_events_announcements_notifications.TestEventsEditDelete" name="test_president_can_delete_someone_elses" time="0.219" /><testcase classname="tests.test_events_announcements_notifications.TestAnnouncementsEditDelete" name="test_author_can_delete" time="0.148" /><testcase classname="tests.test_events_announcements_notifications.TestAnnouncementsEditDelete" name="test_president_can_delete" time="0.199" /><testcase classname="tests.test_events_announcements_notifications.TestAnnouncementsEditDelete" name="test_patch_missing_returns_404" time="0.089" /></testsuite></testsuites>