<?xml version="1.0" encoding="utf-8"?><testsuites name="pytest tests"><testsuite name="pytest" errors="0" failures="1" skipped="0" tests="8" time="1.410" timestamp="2026-09-13T10:07:02.007690+00:00" hostname="agent-env-bb82db99-cf44-4106-96a2-e8f80255160e"><testcase classname="tests.test_delete_donations_expenses.TestDeleteDonation" name="test_delete_donation_as_regular_member" time="0.323" /><testcase classname="tests.test_delete_donations_expenses.TestDeleteExpense" name="test_delete_expense_as_regular_member" time="0.270" /><testcase classname="tests.test_delete_donations_expenses.TestDeleteExpense" name="test_delete_expense_missing_id_returns_404" time="0.081" /><testcase classname="tests.test_delete_donations_expenses.TestDeleteDonation" name="test_delete_donation_missing_id_returns_404" time="0.086" /><testcase classname="tests.test_delete_donations_expenses.TestDeleteExpense" name="test_delete_expense_without_token_401" time="0.108" /><testcase classname="tests.test_delete_donations_expenses.TestDeleteDonation" name="test_delete_donation_without_token_401" time="0.117" /><testcase classname="tests.test_delete_donations_expenses.TestDashboardAfterDonationDelete" name="test_dashboard_and_pending_dues_recompute_on_delete" time="0.144"><failure message="assert 300.0 == 400.0&#10; +  where 300.0 = round((12018.0 - 11718.0), 2)&#10; +    where 12018.0 = float(12018.0)">backend/tests/test_delete_donations_expenses.py:80: in test_dashboard_and_pending_dues_recompute_on_delete
    assert round(float(after_add["total_donations"]) - base_donations, 2) == 400.0
E   assert 300.0 == 400.0
E    +  where 300.0 = round((12018.0 - 11718.0), 2)
E    +    where 12018.0 = float(12018.0)</failure></testcase><testcase classname="tests.test_delete_donations_expenses.TestDashboardAfterExpenseDelete" name="test_total_expenses_and_balance_restore" time="0.411" /></testsuite></testsuites>