<?xml version="1.0" encoding="utf-8"?><testsuites name="pytest tests"><testsuite name="pytest" errors="0" failures="1" skipped="0" tests="123" time="14.947" timestamp="2026-09-13T11:54:34.559092+00:00" hostname="agent-env-bb82db99-cf44-4106-96a2-e8f80255160e"><testcase classname="tests.test_vinayaka_v2.TestPolls" name="test_create_min_options_validation" time="0.162" /><testcase classname="tests.test_events_announcements_notifications.TestEventsEditDelete" name="test_author_can_patch" time="0.196" /><testcase classname="tests.test_vinayaka_v2.TestPolls" name="test_create_poll" time="0.079" /><testcase classname="tests.test_events_announcements_notifications.TestEventsEditDelete" name="test_other_member_cannot_patch" time="0.333" /><testcase classname="tests.test_vinayaka_v2.TestPolls" name="test_list_shows_new_poll" time="0.078" /><testcase classname="tests.test_vinayaka_v2.TestPolls" name="test_vote_bad_option" time="0.157" /><testcase classname="tests.test_vinayaka_v2.TestPolls" name="test_same_user_double_vote_counts_once" time="0.193" /><testcase classname="tests.test_events_announcements_notifications.TestEventsEditDelete" name="test_president_can_patch" time="0.201" /><testcase classname="tests.test_vinayaka_v2.TestPolls" name="test_second_user_votes_option1" time="0.122" /><testcase classname="tests.test_events_announcements_notifications.TestEventsEditDelete" name="test_patch_missing_id_returns_404" time="0.191" /><testcase classname="tests.test_vinayaka_v2.TestPolls" name="test_anonymous_poll" time="0.220" /><testcase classname="tests.test_events_announcements_notifications.TestEventsEditDelete" name="test_patch_empty_body_returns_400" time="0.226" /><testcase classname="tests.test_vinayaka_v2.TestPolls" name="test_non_creator_non_officer_cannot_close" time="0.126" /><testcase classname="tests.test_vinayaka_v2.TestPolls" name="test_creator_can_close_then_vote_blocked" time="0.168" /><testcase classname="tests.test_events_announcements_notifications.TestEventsEditDelete" name="test_delete_other_member_forbidden" time="0.227" /><testcase classname="tests.test_events_announcements_notifications.TestNotifications" name="test_donation_emits_notification" time="0.119" /><testcase classname="tests.test_events_announcements_notifications.TestEventsEditDelete" name="test_delete_author_ok_and_cascade_rsvps" time="0.527" /><testcase classname="tests.test_events_announcements_notifications.TestNotifications" name="test_expense_emits_notification" time="0.141" /><testcase classname="tests.test_events_announcements_notifications.TestNotifications" name="test_event_emits_notification" time="0.101" /><testcase classname="tests.test_events_announcements_notifications.TestNotifications" name="test_announcement_emits_notification" time="0.093" /><testcase classname="tests.test_events_announcements_notifications.TestNotifications" name="test_list_notifications_shape" time="0.087" /><testcase classname="tests.test_events_announcements_notifications.TestNotifications" name="test_unread_count_matches_list" time="0.192" /><testcase classname="tests.test_events_announcements_notifications.TestEventsEditDelete" name="test_delete_missing_returns_404" time="0.075" /><testcase classname="tests.test_events_announcements_notifications.TestEventsEditDelete" name="test_president_can_delete_someone_elses" time="0.237" /><testcase classname="tests.test_events_announcements_notifications.TestNotifications" name="test_mark_read_all_scoped_per_user" time="0.403" /><testcase classname="tests.test_vinayaka_v3.TestSmsConfig" name="test_get_forbidden_for_regular" time="0.079" /><testcase classname="tests.test_vinayaka_v3.TestSmsConfig" name="test_get_as_president_defaults" time="0.074" /><testcase classname="tests.test_vinayaka_v3.TestSmsConfig" name="test_put_as_president_full_body" time="0.074" /><testcase classname="tests.test_vinayaka_v3.TestSmsConfig" name="test_get_hides_secrets_shows_flags" time="0.071" /><testcase classname="tests.test_events_announcements_notifications.TestNotifications" name="test_committee_isolation" time="2.319" /><testcase classname="tests.test_vinayaka_v3.TestSmsConfig" name="test_put_blank_token_preserves_previous" time="0.075" /><testcase classname="tests.test_vinayaka_v3.TestSmsConfig" name="test_put_forbidden_for_regular" time="0.072" /><testcase classname="tests.test_vinayaka_v3.TestSmsConfig" name="test_sms_test_endpoint_no_creds_skipped" time="0.088" /><testcase classname="tests.test_vinayaka_v3.TestSmsConfig" name="test_sms_test_endpoint_forbidden_for_regular" time="0.072" /><testcase classname="tests.test_vinayaka_v2.TestGallery" name="test_list_initial" time="0.078" /><testcase classname="tests.test_vinayaka_v2.TestGallery" name="test_add_gallery_as_member" time="0.078" /><testcase classname="tests.test_vinayaka_v2.TestGallery" name="test_add_gallery_as_second_member" time="0.077" /><testcase classname="tests.test_vinayaka_v2.TestGallery" name="test_list_non_empty" time="0.073" /><testcase classname="tests.test_vinayaka_v2.TestGallery" name="test_delete_non_owner_forbidden" time="0.074" /><testcase classname="tests.test_vinayaka_v2.TestGallery" name="test_delete_own_ok" time="0.149" /><testcase classname="tests.test_vinayaka_v2.TestGallery" name="test_delete_any_as_president" time="0.148" /><testcase classname="tests.test_vinayaka_v3.TestEventRsvp" name="test_create_event_for_rsvp" time="0.073" /><testcase classname="tests.test_vinayaka_v3.TestEventRsvp" name="test_bad_status_returns_400" time="0.088" /><testcase classname="tests.test_vinayaka_v3.TestEventRsvp" name="test_user1_rsvps_yes_plus2" time="0.117" /><testcase classname="tests.test_vinayaka_v3.TestEventRsvp" name="test_summary_after_first_rsvp" time="0.038" /><testcase classname="tests.test_vinayaka_v3.TestEventRsvp" name="test_user1_upserts_to_no" time="0.184" /><testcase classname="tests.test_vinayaka_v3.TestEventRsvp" name="test_user2_rsvps_yes_plus1" time="0.183" /><testcase classname="tests.test_vinayaka_backend.TestTasks" name="test_list_tasks" time="0.076" /><testcase classname="tests.test_vinayaka_backend.TestTasks" name="test_create_task" time="0.103" /><testcase classname="tests.test_vinayaka_backend.TestTasks" name="test_patch_task" time="0.077" /><testcase classname="tests.test_vinayaka_backend.TestTasks" name="test_add_comment" time="0.074" /><testcase classname="tests.test_vinayaka_backend.TestTasks" name="test_delete_task" time="0.110" /><testcase classname="tests.test_donations_expenses_v4.TestDonationPaidAmount" name="test_post_without_paid_amount_defaults_full" time="0.075" /><testcase classname="tests.test_donations_expenses_v4.TestDonationPaidAmount" name="test_post_with_partial_paid" time="0.074" /><testcase classname="tests.test_events_announcements_notifications.TestAnnouncementsEditDelete" name="test_author_can_patch" time="0.156" /><testcase classname="tests.test_donations_expenses_v4.TestDonationPaidAmount" name="test_post_clamps_paid_over_amount" time="0.074" /><testcase classname="tests.test_donations_expenses_v4.TestDonationPaidAmount" name="test_post_clamps_negative_paid_to_zero" time="0.074" /><testcase classname="tests.test_events_announcements_notifications.TestAnnouncementsEditDelete" name="test_other_member_cannot_patch" time="0.157" /><testcase classname="tests.test_donations_expenses_v4.TestDonationPatch" name="test_patch_completes_partial" time="0.144" /><testcase classname="tests.test_donations_expenses_v4.TestDonationPatch" name="test_patch_amount_and_paid" time="0.148" /><testcase classname="tests.test_events_announcements_notifications.TestAnnouncementsEditDelete" name="test_president_can_patch" time="0.202" /><testcase classname="tests.test_donations_expenses_v4.TestDonationPatch" name="test_patch_no_fields_returns_400" time="0.156" /><testcase classname="tests.test_events_announcements_notifications.TestAnnouncementsEditDelete" name="test_delete_other_member_forbidden" time="0.168" /><testcase classname="tests.test_donations_expenses_v4.TestDonationPatch" name="test_patch_missing_id_returns_404" time="0.073" /><testcase classname="tests.test_events_announcements_notifications.TestAnnouncementsEditDelete" name="test_author_can_delete" time="0.197" /><testcase classname="tests.test_donations_expenses_v4.TestExpensePatch" name="test_edit_expense_as_regular_member" time="0.113" /><testcase classname="tests.test_donations_expenses_v4.TestExpensePatch" name="test_edit_expense_no_fields_400" time="0.145" /><testcase classname="tests.test_events_announcements_notifications.TestAnnouncementsEditDelete" name="test_president_can_delete" time="0.200" /><testcase classname="tests.test_donations_expenses_v4.TestExpensePatch" name="test_edit_expense_missing_id_404" time="0.073" /><testcase classname="tests.test_donations_expenses_v4.TestExpensePatch" name="test_approve_still_rbac_gated" time="0.175" /><testcase classname="tests.test_events_announcements_notifications.TestAnnouncementsEditDelete" name="test_patch_missing_returns_404" time="0.079" /><testcase classname="tests.test_vinayaka_backend.TestAuth" name="test_invalid_session_id" time="0.279" /><testcase classname="tests.test_vinayaka_backend.TestMembers" name="test_list_members" time="0.072" /><testcase classname="tests.test_vinayaka_backend.TestMembers" name="test_role_update_forbidden_for_regular" time="0.078" /><testcase classname="tests.test_vinayaka_backend.TestMembers" name="test_role_update_as_president" time="0.073" /><testcase classname="tests.test_vinayaka_backend.TestMembers" name="test_role_update_invalid_role" time="0.071" /><testcase classname="tests.test_vinayaka_backend.TestAuth" name="test_me_without_token" time="0.042" /><testcase classname="tests.test_vinayaka_backend.TestAuth" name="test_me_with_invalid_token" time="0.045" /><testcase classname="tests.test_vinayaka_v2.TestUploadsAndFiles" name="test_upload_png" time="0.378" /><testcase classname="tests.test_vinayaka_backend.TestAuth" name="test_me_with_valid_token" time="0.074" /><testcase classname="tests.test_committees.TestCommitteeCreate" name="test_create_requires_auth" time="0.083" /><testcase classname="tests.test_committees.TestCommitteeCreate" name="test_create_blank_name_rejected" time="0.093" /><testcase classname="tests.test_committees.TestCommitteeCreate" name="test_create_success_returns_code_and_promotes_president" time="0.199" /><testcase classname="tests.test_vinayaka_v2.TestUploadsAndFiles" name="test_download_with_valid_token" time="0.301" /><testcase classname="tests.test_committees.TestIsolation" name="test_donation_isolation" time="0.579" /><testcase classname="tests.test_vinayaka_v2.TestUploadsAndFiles" name="test_download_without_token" time="0.093" /><testcase classname="tests.test_vinayaka_v2.TestUploadsAndFiles" name="test_download_with_wrong_token" time="0.140" /><testcase classname="tests.test_delete_donations_expenses.TestDeleteDonation" name="test_delete_donation_as_regular_member" time="0.138" /><testcase classname="tests.test_delete_donations_expenses.TestDeleteDonation" name="test_delete_donation_missing_id_returns_404" time="0.075" /><testcase classname="tests.test_committees.TestIsolation" name="test_join_grants_access_to_existing_data" time="0.566" /><testcase classname="tests.test_delete_donations_expenses.TestDeleteDonation" name="test_delete_donation_without_token_401" time="0.149" /><testcase classname="tests.test_delete_donations_expenses.TestDeleteExpense" name="test_delete_expense_as_regular_member" time="0.186" /><testcase classname="tests.test_delete_donations_expenses.TestDeleteExpense" name="test_delete_expense_missing_id_returns_404" time="0.073" /><testcase classname="tests.test_delete_donations_expenses.TestDeleteExpense" name="test_delete_expense_without_token_401" time="0.146" /><testcase classname="tests.test_committees.TestIsolation" name="test_seed_scoped_to_current_committee" time="0.558" /><testcase classname="tests.test_vinayaka_backend.TestSeedAndDashboard" name="test_seed_forbidden_for_regular" time="0.043" /><testcase classname="tests.test_vinayaka_backend.TestSeedAndDashboard" name="test_seed_as_president" time="0.076" /><testcase classname="tests.test_vinayaka_backend.TestSeedAndDashboard" name="test_dashboard_totals_after_seed" time="0.078" /><testcase classname="tests.test_vinayaka_backend.TestExpenses" name="test_create_expense" time="0.073" /><testcase classname="tests.test_vinayaka_backend.TestExpenses" name="test_approve_forbidden_for_regular" time="0.072" /><testcase classname="tests.test_vinayaka_backend.TestExpenses" name="test_approve_as_president" time="0.145" /><testcase classname="tests.test_vinayaka_v3.TestDonationSms" name="test_donation_with_phone_and_send_sms_true_logs_skipped" time="0.075" /><testcase classname="tests.test_vinayaka_backend.TestHealth" name="test_root" time="0.070" /><testcase classname="tests.test_vinayaka_v3.TestDonationSms" name="test_donation_with_send_sms_false_no_log" time="1.076" /><testcase classname="tests.test_vinayaka_backend.TestHealth" name="test_roles" time="0.078" /><testcase classname="tests.test_vinayaka_backend.TestHealth" name="test_festival_config" time="0.079" /><testcase classname="tests.test_vinayaka_backend.TestDonations" name="test_list_donations" time="0.042" /><testcase classname="tests.test_vinayaka_backend.TestDonations" name="test_create_donation" time="0.068" /><testcase classname="tests.test_vinayaka_backend.TestAI" name="test_ai_chat_stream" time="3.559" /><testcase classname="tests.test_vinayaka_v3.TestDonationSms" name="test_donation_without_phone_no_log" time="1.510" /><testcase classname="tests.test_committees.TestCommitteeJoin" name="test_join_wrong_code_404" time="0.120" /><testcase classname="tests.test_committees.TestCommitteeJoin" name="test_join_correct_code_regular_member" time="0.278" /><testcase classname="tests.test_committees.TestMyCommittee" name="test_me_null_when_no_committee" time="0.091" /><testcase classname="tests.test_committees.TestGate428" name="test_no_committee_returns_428" time="0.919" /><testcase classname="tests.test_vinayaka_backend.TestAI" name="test_ai_history" time="1.082" /><testcase classname="tests.test_delete_donations_expenses.TestDashboardAfterDonationDelete" name="test_dashboard_and_pending_dues_recompute_on_delete" time="0.607" /><testcase classname="tests.test_delete_donations_expenses.TestDashboardAfterExpenseDelete" name="test_total_expenses_and_balance_restore" time="0.386" /><testcase classname="tests.test_committees.TestCommitteeLeave" name="test_leave_clears_committee" time="0.375" /><testcase classname="tests.test_donations_expenses_v4.TestDashboard" name="test_dashboard_uses_paid_amount" time="0.183" /><testcase classname="tests.test_donations_expenses_v4.TestBackwardCompat" name="test_legacy_donation_treated_as_paid" time="0.235"><failure message="assert 1250.0 == 750.0&#10; +  where 1250.0 = round((10368.0 - 9118.0), 2)&#10; +    where 10368.0 = float(10368.0)">backend/tests/test_donations_expenses_v4.py:191: in test_legacy_donation_treated_as_paid
    assert round(float(d["total_donations"]) - base_total, 2) == 750.0
E   assert 1250.0 == 750.0
E    +  where 1250.0 = round((10368.0 - 9118.0), 2)
E    +    where 10368.0 = float(10368.0)</failure></testcase><testcase classname="tests.test_donations_expenses_v4.TestPendingDues" name="test_pending_dues_only_partial" time="0.214" /><testcase classname="tests.test_vinayaka_backend.TestEvents" name="test_create_and_list" time="0.122" /><testcase classname="tests.test_vinayaka_backend.TestAnnouncements" name="test_create_and_list" time="0.148" /></testsuite></testsuites>