<?xml version="1.0" encoding="utf-8"?><testsuites name="pytest tests"><testsuite name="pytest" errors="0" failures="0" skipped="0" tests="28" time="6.252" timestamp="2026-09-13T07:37:51.608484+00:00" hostname="agent-env-bb82db99-cf44-4106-96a2-e8f80255160e"><testcase classname="tests.test_vinayaka_backend.TestHealth" name="test_root" time="0.164" /><testcase classname="tests.test_vinayaka_backend.TestHealth" name="test_roles" time="0.074" /><testcase classname="tests.test_vinayaka_backend.TestHealth" name="test_festival_config" time="0.079" /><testcase classname="tests.test_vinayaka_backend.TestAuth" name="test_invalid_session_id" time="0.317" /><testcase classname="tests.test_vinayaka_backend.TestAuth" name="test_me_without_token" time="0.076" /><testcase classname="tests.test_vinayaka_backend.TestAuth" name="test_me_with_invalid_token" time="0.070" /><testcase classname="tests.test_vinayaka_backend.TestAuth" name="test_me_with_valid_token" time="0.075" /><testcase classname="tests.test_vinayaka_backend.TestSeedAndDashboard" name="test_seed_forbidden_for_regular" time="0.074" /><testcase classname="tests.test_vinayaka_backend.TestSeedAndDashboard" name="test_seed_as_president" time="0.076" /><testcase classname="tests.test_vinayaka_backend.TestSeedAndDashboard" name="test_dashboard_totals_after_seed" time="0.082" /><testcase classname="tests.test_vinayaka_backend.TestTasks" name="test_list_tasks" time="0.071" /><testcase classname="tests.test_vinayaka_backend.TestTasks" name="test_create_task" time="0.097" /><testcase classname="tests.test_vinayaka_backend.TestTasks" name="test_patch_task" time="0.074" /><testcase classname="tests.test_vinayaka_backend.TestTasks" name="test_add_comment" time="0.073" /><testcase classname="tests.test_vinayaka_backend.TestTasks" name="test_delete_task" time="0.140" /><testcase classname="tests.test_vinayaka_backend.TestDonations" name="test_list_donations" time="0.070" /><testcase classname="tests.test_vinayaka_backend.TestDonations" name="test_create_donation" time="0.072" /><testcase classname="tests.test_vinayaka_backend.TestExpenses" name="test_create_expense" time="0.074" /><testcase classname="tests.test_vinayaka_backend.TestExpenses" name="test_approve_forbidden_for_regular" time="0.045" /><testcase classname="tests.test_vinayaka_backend.TestExpenses" name="test_approve_as_president" time="0.119" /><testcase classname="tests.test_vinayaka_backend.TestAnnouncements" name="test_create_and_list" time="0.147" /><testcase classname="tests.test_vinayaka_backend.TestEvents" name="test_create_and_list" time="0.118" /><testcase classname="tests.test_vinayaka_backend.TestMembers" name="test_list_members" time="0.071" /><testcase classname="tests.test_vinayaka_backend.TestMembers" name="test_role_update_forbidden_for_regular" time="0.073" /><testcase classname="tests.test_vinayaka_backend.TestMembers" name="test_role_update_as_president" time="0.073" /><testcase classname="tests.test_vinayaka_backend.TestMembers" name="test_role_update_invalid_role" time="0.071" /><testcase classname="tests.test_vinayaka_backend.TestAI" name="test_ai_chat_stream" time="2.523" /><testcase classname="tests.test_vinayaka_backend.TestAI" name="test_ai_history" time="1.221" /></testsuite></testsuites>