<?xml version="1.0" encoding="utf-8"?><testsuites name="pytest tests"><testsuite name="pytest" errors="0" failures="0" skipped="0" tests="80" time="10.919" timestamp="2026-09-13T08:32:10.616974+00:00" hostname="agent-env-bb82db99-cf44-4106-96a2-e8f80255160e"><testcase classname="tests.test_vinayaka_v3.TestSmsConfig" name="test_get_forbidden_for_regular" time="0.160" /><testcase classname="tests.test_vinayaka_v2.TestPolls" name="test_create_min_options_validation" time="0.221" /><testcase classname="tests.test_vinayaka_v3.TestSmsConfig" name="test_get_as_president_defaults" time="0.041" /><testcase classname="tests.test_vinayaka_v3.TestSmsConfig" name="test_put_as_president_full_body" time="0.049" /><testcase classname="tests.test_vinayaka_v2.TestPolls" name="test_create_poll" time="0.079" /><testcase classname="tests.test_vinayaka_v3.TestSmsConfig" name="test_get_hides_secrets_shows_flags" time="0.079" /><testcase classname="tests.test_vinayaka_v2.TestPolls" name="test_list_shows_new_poll" time="0.042" /><testcase classname="tests.test_vinayaka_v3.TestSmsConfig" name="test_put_blank_token_preserves_previous" time="0.077" /><testcase classname="tests.test_vinayaka_v2.TestPolls" name="test_vote_bad_option" time="0.141" /><testcase classname="tests.test_vinayaka_v3.TestSmsConfig" name="test_put_forbidden_for_regular" time="0.067" /><testcase classname="tests.test_vinayaka_v3.TestSmsConfig" name="test_sms_test_endpoint_no_creds_skipped" time="0.071" /><testcase classname="tests.test_vinayaka_v2.TestPolls" name="test_same_user_double_vote_counts_once" time="0.210" /><testcase classname="tests.test_vinayaka_v3.TestSmsConfig" name="test_sms_test_endpoint_forbidden_for_regular" time="0.073" /><testcase classname="tests.test_vinayaka_v2.TestGallery" name="test_list_initial" time="0.076" /><testcase classname="tests.test_vinayaka_v2.TestPolls" name="test_second_user_votes_option1" time="0.146" /><testcase classname="tests.test_vinayaka_v2.TestGallery" name="test_add_gallery_as_member" time="0.073" /><testcase classname="tests.test_vinayaka_v2.TestGallery" name="test_add_gallery_as_second_member" time="0.075" /><testcase classname="tests.test_vinayaka_v2.TestPolls" name="test_anonymous_poll" time="0.247" /><testcase classname="tests.test_vinayaka_v2.TestGallery" name="test_list_non_empty" time="0.075" /><testcase classname="tests.test_vinayaka_v2.TestGallery" name="test_delete_non_owner_forbidden" time="0.047" /><testcase classname="tests.test_vinayaka_v2.TestGallery" name="test_delete_own_ok" time="0.139" /><testcase classname="tests.test_vinayaka_v2.TestPolls" name="test_non_creator_non_officer_cannot_close" time="0.145" /><testcase classname="tests.test_vinayaka_v2.TestGallery" name="test_delete_any_as_president" time="0.153" /><testcase classname="tests.test_vinayaka_v2.TestPolls" name="test_creator_can_close_then_vote_blocked" time="0.141" /><testcase classname="tests.test_vinayaka_v3.TestEventRsvp" name="test_create_event_for_rsvp" time="0.181" /><testcase classname="tests.test_vinayaka_backend.TestTasks" name="test_list_tasks" time="0.031" /><testcase classname="tests.test_vinayaka_backend.TestTasks" name="test_create_task" time="0.101" /><testcase classname="tests.test_vinayaka_v3.TestEventRsvp" name="test_bad_status_returns_400" time="0.078" /><testcase classname="tests.test_vinayaka_backend.TestTasks" name="test_patch_task" time="0.074" /><testcase classname="tests.test_vinayaka_v3.TestEventRsvp" name="test_user1_rsvps_yes_plus2" time="0.149" /><testcase classname="tests.test_vinayaka_backend.TestTasks" name="test_add_comment" time="0.074" /><testcase classname="tests.test_vinayaka_backend.TestTasks" name="test_delete_task" time="0.103" /><testcase classname="tests.test_vinayaka_v3.TestEventRsvp" name="test_summary_after_first_rsvp" time="0.035" /><testcase classname="tests.test_vinayaka_v3.TestEventRsvp" name="test_user1_upserts_to_no" time="0.177" /><testcase classname="tests.test_donations_expenses_v4.TestDonationPaidAmount" name="test_post_without_paid_amount_defaults_full" time="0.072" /><testcase classname="tests.test_donations_expenses_v4.TestDonationPaidAmount" name="test_post_with_partial_paid" time="0.072" /><testcase classname="tests.test_vinayaka_v3.TestEventRsvp" name="test_user2_rsvps_yes_plus1" time="0.181" /><testcase classname="tests.test_donations_expenses_v4.TestDonationPaidAmount" name="test_post_clamps_paid_over_amount" time="0.071" /><testcase classname="tests.test_donations_expenses_v4.TestDonationPaidAmount" name="test_post_clamps_negative_paid_to_zero" time="0.070" /><testcase classname="tests.test_donations_expenses_v4.TestExpensePatch" name="test_edit_expense_as_regular_member" time="0.147" /><testcase classname="tests.test_donations_expenses_v4.TestDonationPatch" name="test_patch_completes_partial" time="0.155" /><testcase classname="tests.test_donations_expenses_v4.TestExpensePatch" name="test_edit_expense_no_fields_400" time="0.142" /><testcase classname="tests.test_donations_expenses_v4.TestDonationPatch" name="test_patch_amount_and_paid" time="0.157" /><testcase classname="tests.test_donations_expenses_v4.TestExpensePatch" name="test_edit_expense_missing_id_404" time="0.071" /><testcase classname="tests.test_donations_expenses_v4.TestDonationPatch" name="test_patch_no_fields_returns_400" time="0.154" /><testcase classname="tests.test_donations_expenses_v4.TestExpensePatch" name="test_approve_still_rbac_gated" time="0.215" /><testcase classname="tests.test_donations_expenses_v4.TestDonationPatch" name="test_patch_missing_id_returns_404" time="0.109" /><testcase classname="tests.test_vinayaka_backend.TestAuth" name="test_invalid_session_id" time="0.274" /><testcase classname="tests.test_vinayaka_backend.TestMembers" name="test_list_members" time="0.065" /><testcase classname="tests.test_vinayaka_backend.TestMembers" name="test_role_update_forbidden_for_regular" time="0.076" /><testcase classname="tests.test_vinayaka_backend.TestMembers" name="test_role_update_as_president" time="0.074" /><testcase classname="tests.test_vinayaka_backend.TestMembers" name="test_role_update_invalid_role" time="0.072" /><testcase classname="tests.test_vinayaka_backend.TestAuth" name="test_me_without_token" time="0.072" /><testcase classname="tests.test_vinayaka_v2.TestUploadsAndFiles" name="test_upload_png" time="0.429" /><testcase classname="tests.test_vinayaka_backend.TestAuth" name="test_me_with_invalid_token" time="0.069" /><testcase classname="tests.test_vinayaka_backend.TestAuth" name="test_me_with_valid_token" time="0.072" /><testcase classname="tests.test_vinayaka_backend.TestHealth" name="test_root" time="0.068" /><testcase classname="tests.test_vinayaka_backend.TestHealth" name="test_roles" time="0.069" /><testcase classname="tests.test_vinayaka_backend.TestHealth" name="test_festival_config" time="0.071" /><testcase classname="tests.test_vinayaka_backend.TestSeedAndDashboard" name="test_seed_forbidden_for_regular" time="0.072" /><testcase classname="tests.test_vinayaka_v2.TestUploadsAndFiles" name="test_download_with_valid_token" time="0.422" /><testcase classname="tests.test_vinayaka_backend.TestSeedAndDashboard" name="test_seed_as_president" time="0.073" /><testcase classname="tests.test_vinayaka_backend.TestSeedAndDashboard" name="test_dashboard_totals_after_seed" time="0.072" /><testcase classname="tests.test_vinayaka_backend.TestExpenses" name="test_create_expense" time="0.079" /><testcase classname="tests.test_vinayaka_backend.TestExpenses" name="test_approve_forbidden_for_regular" time="0.071" /><testcase classname="tests.test_vinayaka_backend.TestExpenses" name="test_approve_as_president" time="0.139" /><testcase classname="tests.test_vinayaka_v2.TestUploadsAndFiles" name="test_download_without_token" time="0.115" /><testcase classname="tests.test_vinayaka_v3.TestDonationSms" name="test_donation_with_phone_and_send_sms_true_logs_skipped" time="0.072" /><testcase classname="tests.test_vinayaka_v2.TestUploadsAndFiles" name="test_download_with_wrong_token" time="0.156" /><testcase classname="tests.test_vinayaka_v3.TestDonationSms" name="test_donation_with_send_sms_false_no_log" time="1.073" /><testcase classname="tests.test_vinayaka_backend.TestDonations" name="test_list_donations" time="0.033" /><testcase classname="tests.test_vinayaka_backend.TestDonations" name="test_create_donation" time="0.073" /><testcase classname="tests.test_donations_expenses_v4.TestPendingDues" name="test_pending_dues_only_partial" time="0.223" /><testcase classname="tests.test_donations_expenses_v4.TestDashboard" name="test_dashboard_uses_paid_amount" time="0.221" /><testcase classname="tests.test_donations_expenses_v4.TestBackwardCompat" name="test_legacy_donation_treated_as_paid" time="0.195" /><testcase classname="tests.test_vinayaka_backend.TestAnnouncements" name="test_create_and_list" time="0.145" /><testcase classname="tests.test_vinayaka_backend.TestEvents" name="test_create_and_list" time="0.144" /><testcase classname="tests.test_vinayaka_v3.TestDonationSms" name="test_donation_without_phone_no_log" time="1.031" /><testcase classname="tests.test_vinayaka_backend.TestAI" name="test_ai_chat_stream" time="3.298" /><testcase classname="tests.test_vinayaka_backend.TestAI" name="test_ai_history" time="1.121" /></testsuite></testsuites>