<?xml version="1.0" encoding="utf-8"?><testsuites name="pytest tests"><testsuite name="pytest" errors="0" failures="0" skipped="0" tests="48" time="10.049" timestamp="2026-09-13T07:54:49.909966+00:00" hostname="agent-env-bb82db99-cf44-4106-96a2-e8f80255160e"><testcase classname="tests.test_vinayaka_backend.TestHealth" name="test_root" time="0.094" /><testcase classname="tests.test_vinayaka_backend.TestHealth" name="test_roles" time="0.041" /><testcase classname="tests.test_vinayaka_backend.TestHealth" name="test_festival_config" time="0.071" /><testcase classname="tests.test_vinayaka_backend.TestAuth" name="test_invalid_session_id" time="0.290" /><testcase classname="tests.test_vinayaka_backend.TestAuth" name="test_me_without_token" time="0.056" /><testcase classname="tests.test_vinayaka_backend.TestAuth" name="test_me_with_invalid_token" time="0.077" /><testcase classname="tests.test_vinayaka_backend.TestAuth" name="test_me_with_valid_token" time="0.076" /><testcase classname="tests.test_vinayaka_backend.TestSeedAndDashboard" name="test_seed_forbidden_for_regular" time="0.073" /><testcase classname="tests.test_vinayaka_backend.TestSeedAndDashboard" name="test_seed_as_president" time="0.073" /><testcase classname="tests.test_vinayaka_backend.TestSeedAndDashboard" name="test_dashboard_totals_after_seed" time="0.074" /><testcase classname="tests.test_vinayaka_backend.TestTasks" name="test_list_tasks" time="0.069" /><testcase classname="tests.test_vinayaka_backend.TestTasks" name="test_create_task" time="0.095" /><testcase classname="tests.test_vinayaka_backend.TestTasks" name="test_patch_task" time="0.071" /><testcase classname="tests.test_vinayaka_backend.TestTasks" name="test_add_comment" time="0.064" /><testcase classname="tests.test_vinayaka_backend.TestTasks" name="test_delete_task" time="0.101" /><testcase classname="tests.test_vinayaka_backend.TestDonations" name="test_list_donations" time="0.073" /><testcase classname="tests.test_vinayaka_backend.TestDonations" name="test_create_donation" time="0.047" /><testcase classname="tests.test_vinayaka_backend.TestExpenses" name="test_create_expense" time="0.051" /><testcase classname="tests.test_vinayaka_backend.TestExpenses" name="test_approve_forbidden_for_regular" time="0.074" /><testcase classname="tests.test_vinayaka_backend.TestExpenses" name="test_approve_as_president" time="0.144" /><testcase classname="tests.test_vinayaka_backend.TestAnnouncements" name="test_create_and_list" time="0.139" /><testcase classname="tests.test_vinayaka_backend.TestEvents" name="test_create_and_list" time="0.272" /><testcase classname="tests.test_vinayaka_backend.TestMembers" name="test_list_members" time="0.068" /><testcase classname="tests.test_vinayaka_backend.TestMembers" name="test_role_update_forbidden_for_regular" time="0.053" /><testcase classname="tests.test_vinayaka_backend.TestMembers" name="test_role_update_as_president" time="0.086" /><testcase classname="tests.test_vinayaka_backend.TestMembers" name="test_role_update_invalid_role" time="0.089" /><testcase classname="tests.test_vinayaka_backend.TestAI" name="test_ai_chat_stream" time="3.621" /><testcase classname="tests.test_vinayaka_backend.TestAI" name="test_ai_history" time="1.108" /><testcase classname="tests.test_vinayaka_v2.TestUploadsAndFiles" name="test_upload_png" time="0.382" /><testcase classname="tests.test_vinayaka_v2.TestUploadsAndFiles" name="test_download_with_valid_token" time="0.386" /><testcase classname="tests.test_vinayaka_v2.TestUploadsAndFiles" name="test_download_without_token" time="0.082" /><testcase classname="tests.test_vinayaka_v2.TestUploadsAndFiles" name="test_download_with_wrong_token" time="0.098" /><testcase classname="tests.test_vinayaka_v2.TestGallery" name="test_list_initial" time="0.073" /><testcase classname="tests.test_vinayaka_v2.TestGallery" name="test_add_gallery_as_member" time="0.071" /><testcase classname="tests.test_vinayaka_v2.TestGallery" name="test_add_gallery_as_second_member" time="0.077" /><testcase classname="tests.test_vinayaka_v2.TestGallery" name="test_list_non_empty" time="0.070" /><testcase classname="tests.test_vinayaka_v2.TestGallery" name="test_delete_non_owner_forbidden" time="0.072" /><testcase classname="tests.test_vinayaka_v2.TestGallery" name="test_delete_own_ok" time="0.144" /><testcase classname="tests.test_vinayaka_v2.TestGallery" name="test_delete_any_as_president" time="0.149" /><testcase classname="tests.test_vinayaka_v2.TestPolls" name="test_create_min_options_validation" time="0.071" /><testcase classname="tests.test_vinayaka_v2.TestPolls" name="test_create_poll" time="0.072" /><testcase classname="tests.test_vinayaka_v2.TestPolls" name="test_list_shows_new_poll" time="0.070" /><testcase classname="tests.test_vinayaka_v2.TestPolls" name="test_vote_bad_option" time="0.149" /><testcase classname="tests.test_vinayaka_v2.TestPolls" name="test_same_user_double_vote_counts_once" time="0.217" /><testcase classname="tests.test_vinayaka_v2.TestPolls" name="test_second_user_votes_option1" time="0.144" /><testcase classname="tests.test_vinayaka_v2.TestPolls" name="test_anonymous_poll" time="0.244" /><testcase classname="tests.test_vinayaka_v2.TestPolls" name="test_non_creator_non_officer_cannot_close" time="0.143" /><testcase classname="tests.test_vinayaka_v2.TestPolls" name="test_creator_can_close_then_vote_blocked" time="0.145" /></testsuite></testsuites>