<?xml version="1.0" encoding="utf-8"?><testsuites name="pytest tests"><testsuite name="pytest" errors="0" failures="1" skipped="0" tests="99" time="11.446" timestamp="2026-09-13T10:49:47.550833+00:00" hostname="agent-env-bb82db99-cf44-4106-96a2-e8f80255160e"><testcase classname="tests.test_vinayaka_v2.TestPolls" name="test_create_min_options_validation" time="0.132" /><testcase classname="tests.test_vinayaka_v3.TestSmsConfig" name="test_get_forbidden_for_regular" time="0.124" /><testcase classname="tests.test_vinayaka_v3.TestSmsConfig" name="test_get_as_president_defaults" time="0.079" /><testcase classname="tests.test_vinayaka_v2.TestPolls" name="test_create_poll" time="0.072" /><testcase classname="tests.test_vinayaka_v3.TestSmsConfig" name="test_put_as_president_full_body" time="0.079" /><testcase classname="tests.test_vinayaka_v2.TestPolls" name="test_list_shows_new_poll" time="0.074" /><testcase classname="tests.test_vinayaka_v2.TestPolls" name="test_vote_bad_option" time="0.147" /><testcase classname="tests.test_vinayaka_v3.TestSmsConfig" name="test_get_hides_secrets_shows_flags" time="0.080" /><testcase classname="tests.test_vinayaka_v3.TestSmsConfig" name="test_put_blank_token_preserves_previous" time="0.128" /><testcase classname="tests.test_vinayaka_v2.TestPolls" name="test_same_user_double_vote_counts_once" time="0.190" /><testcase classname="tests.test_vinayaka_v3.TestSmsConfig" name="test_put_forbidden_for_regular" time="0.074" /><testcase classname="tests.test_vinayaka_v3.TestSmsConfig" name="test_sms_test_endpoint_no_creds_skipped" time="0.092" /><testcase classname="tests.test_vinayaka_v2.TestPolls" name="test_second_user_votes_option1" time="0.148" /><testcase classname="tests.test_vinayaka_v3.TestSmsConfig" name="test_sms_test_endpoint_forbidden_for_regular" time="0.073" /><testcase classname="tests.test_vinayaka_v2.TestGallery" name="test_list_initial" time="0.080" /><testcase classname="tests.test_vinayaka_v2.TestPolls" name="test_anonymous_poll" time="0.256" /><testcase classname="tests.test_vinayaka_v2.TestGallery" name="test_add_gallery_as_member" time="0.079" /><testcase classname="tests.test_vinayaka_v2.TestGallery" name="test_add_gallery_as_second_member" time="0.075" /><testcase classname="tests.test_vinayaka_v2.TestGallery" name="test_list_non_empty" time="0.073" /><testcase classname="tests.test_vinayaka_v2.TestPolls" name="test_non_creator_non_officer_cannot_close" time="0.150" /><testcase classname="tests.test_vinayaka_v2.TestGallery" name="test_delete_non_owner_forbidden" time="0.077" /><testcase classname="tests.test_vinayaka_v2.TestGallery" name="test_delete_own_ok" time="0.089" /><testcase classname="tests.test_vinayaka_v2.TestPolls" name="test_creator_can_close_then_vote_blocked" time="0.161" /><testcase classname="tests.test_vinayaka_v2.TestGallery" name="test_delete_any_as_president" time="0.104" /><testcase classname="tests.test_vinayaka_backend.TestTasks" name="test_list_tasks" time="0.079" /><testcase classname="tests.test_vinayaka_v3.TestEventRsvp" name="test_create_event_for_rsvp" time="0.073" /><testcase classname="tests.test_vinayaka_backend.TestTasks" name="test_create_task" time="0.111" /><testcase classname="tests.test_vinayaka_v3.TestEventRsvp" name="test_bad_status_returns_400" time="0.076" /><testcase classname="tests.test_vinayaka_v3.TestEventRsvp" name="test_user1_rsvps_yes_plus2" time="0.148" /><testcase classname="tests.test_vinayaka_backend.TestTasks" name="test_patch_task" time="0.056" /><testcase classname="tests.test_vinayaka_backend.TestTasks" name="test_add_comment" time="0.038" /><testcase classname="tests.test_vinayaka_backend.TestTasks" name="test_delete_task" time="0.155" /><testcase classname="tests.test_vinayaka_v3.TestEventRsvp" name="test_summary_after_first_rsvp" time="0.034" /><testcase classname="tests.test_vinayaka_v3.TestEventRsvp" name="test_user1_upserts_to_no" time="0.226" /><testcase classname="tests.test_donations_expenses_v4.TestDonationPaidAmount" name="test_post_without_paid_amount_defaults_full" time="0.047" /><testcase classname="tests.test_donations_expenses_v4.TestDonationPaidAmount" name="test_post_with_partial_paid" time="0.075" /><testcase classname="tests.test_donations_expenses_v4.TestDonationPaidAmount" name="test_post_clamps_paid_over_amount" time="0.068" /><testcase classname="tests.test_vinayaka_v3.TestEventRsvp" name="test_user2_rsvps_yes_plus1" time="0.174" /><testcase classname="tests.test_donations_expenses_v4.TestDonationPaidAmount" name="test_post_clamps_negative_paid_to_zero" time="0.051" /><testcase classname="tests.test_donations_expenses_v4.TestExpensePatch" name="test_edit_expense_as_regular_member" time="0.140" /><testcase classname="tests.test_donations_expenses_v4.TestDonationPatch" name="test_patch_completes_partial" time="0.149" /><testcase classname="tests.test_donations_expenses_v4.TestExpensePatch" name="test_edit_expense_no_fields_400" time="0.151" /><testcase classname="tests.test_donations_expenses_v4.TestDonationPatch" name="test_patch_amount_and_paid" time="0.149" /><testcase classname="tests.test_donations_expenses_v4.TestExpensePatch" name="test_edit_expense_missing_id_404" time="0.059" /><testcase classname="tests.test_donations_expenses_v4.TestExpensePatch" name="test_approve_still_rbac_gated" time="0.327" /><testcase classname="tests.test_donations_expenses_v4.TestDonationPatch" name="test_patch_no_fields_returns_400" time="0.146" /><testcase classname="tests.test_donations_expenses_v4.TestDonationPatch" name="test_patch_missing_id_returns_404" time="0.076" /><testcase classname="tests.test_vinayaka_backend.TestMembers" name="test_list_members" time="0.072" /><testcase classname="tests.test_vinayaka_backend.TestMembers" name="test_role_update_forbidden_for_regular" time="0.077" /><testcase classname="tests.test_vinayaka_backend.TestAuth" name="test_invalid_session_id" time="0.278" /><testcase classname="tests.test_vinayaka_backend.TestMembers" name="test_role_update_as_president" time="0.078" /><testcase classname="tests.test_vinayaka_backend.TestMembers" name="test_role_update_invalid_role" time="0.074" /><testcase classname="tests.test_vinayaka_v2.TestUploadsAndFiles" name="test_upload_png" time="0.381" /><testcase classname="tests.test_vinayaka_backend.TestAuth" name="test_me_without_token" time="0.036" /><testcase classname="tests.test_vinayaka_backend.TestAuth" name="test_me_with_invalid_token" time="0.073" /><testcase classname="tests.test_vinayaka_backend.TestAuth" name="test_me_with_valid_token" time="0.075" /><testcase classname="tests.test_committees.TestCommitteeCreate" name="test_create_requires_auth" time="0.076" /><testcase classname="tests.test_committees.TestCommitteeCreate" name="test_create_blank_name_rejected" time="0.079" /><testcase classname="tests.test_vinayaka_v2.TestUploadsAndFiles" name="test_download_with_valid_token" time="0.430" /><testcase classname="tests.test_committees.TestCommitteeCreate" name="test_create_success_returns_code_and_promotes_president" time="0.146" /><testcase classname="tests.test_committees.TestIsolation" name="test_donation_isolation" time="0.569" /><testcase classname="tests.test_vinayaka_v2.TestUploadsAndFiles" name="test_download_without_token" time="0.346" /><testcase classname="tests.test_committees.TestIsolation" name="test_join_grants_access_to_existing_data" time="0.576" /><testcase classname="tests.test_vinayaka_v2.TestUploadsAndFiles" name="test_download_with_wrong_token" time="0.093" /><testcase classname="tests.test_delete_donations_expenses.TestDeleteDonation" name="test_delete_donation_as_regular_member" time="0.148" /><testcase classname="tests.test_delete_donations_expenses.TestDeleteDonation" name="test_delete_donation_missing_id_returns_404" time="0.031" /><testcase classname="tests.test_delete_donations_expenses.TestDeleteDonation" name="test_delete_donation_without_token_401" time="0.148" /><testcase classname="tests.test_vinayaka_backend.TestHealth" name="test_root" time="0.073" /><testcase classname="tests.test_vinayaka_backend.TestHealth" name="test_roles" time="0.073" /><testcase classname="tests.test_committees.TestIsolation" name="test_seed_scoped_to_current_committee" time="0.695" /><testcase classname="tests.test_vinayaka_backend.TestHealth" name="test_festival_config" time="0.072" /><testcase classname="tests.test_vinayaka_backend.TestSeedAndDashboard" name="test_seed_forbidden_for_regular" time="0.074" /><testcase classname="tests.test_vinayaka_backend.TestSeedAndDashboard" name="test_seed_as_president" time="0.079" /><testcase classname="tests.test_vinayaka_backend.TestSeedAndDashboard" name="test_dashboard_totals_after_seed" time="0.038" /><testcase classname="tests.test_vinayaka_backend.TestExpenses" name="test_create_expense" time="0.072" /><testcase classname="tests.test_vinayaka_backend.TestExpenses" name="test_approve_forbidden_for_regular" time="0.073" /><testcase classname="tests.test_vinayaka_backend.TestExpenses" name="test_approve_as_president" time="0.148" /><testcase classname="tests.test_vinayaka_v3.TestDonationSms" name="test_donation_with_phone_and_send_sms_true_logs_skipped" time="0.061" /><testcase classname="tests.test_vinayaka_v3.TestDonationSms" name="test_donation_with_send_sms_false_no_log" time="1.075" /><testcase classname="tests.test_delete_donations_expenses.TestDeleteExpense" name="test_delete_expense_as_regular_member" time="0.189" /><testcase classname="tests.test_delete_donations_expenses.TestDeleteExpense" name="test_delete_expense_missing_id_returns_404" time="0.078" /><testcase classname="tests.test_delete_donations_expenses.TestDeleteExpense" name="test_delete_expense_without_token_401" time="0.177" /><testcase classname="tests.test_vinayaka_backend.TestDonations" name="test_list_donations" time="0.042" /><testcase classname="tests.test_vinayaka_backend.TestDonations" name="test_create_donation" time="0.077" /><testcase classname="tests.test_vinayaka_backend.TestAI" name="test_ai_chat_stream" time="3.193" /><testcase classname="tests.test_vinayaka_v3.TestDonationSms" name="test_donation_without_phone_no_log" time="1.815" /><testcase classname="tests.test_committees.TestCommitteeJoin" name="test_join_wrong_code_404" time="0.096" /><testcase classname="tests.test_committees.TestCommitteeJoin" name="test_join_correct_code_regular_member" time="0.252" /><testcase classname="tests.test_committees.TestMyCommittee" name="test_me_null_when_no_committee" time="0.088" /><testcase classname="tests.test_committees.TestGate428" name="test_no_committee_returns_428" time="0.903" /><testcase classname="tests.test_vinayaka_backend.TestAI" name="test_ai_history" time="1.088" /><testcase classname="tests.test_delete_donations_expenses.TestDashboardAfterDonationDelete" name="test_dashboard_and_pending_dues_recompute_on_delete" time="0.506" /><testcase classname="tests.test_delete_donations_expenses.TestDashboardAfterExpenseDelete" name="test_total_expenses_and_balance_restore" time="0.354" /><testcase classname="tests.test_committees.TestCommitteeLeave" name="test_leave_clears_committee" time="0.361" /><testcase classname="tests.test_donations_expenses_v4.TestDashboard" name="test_dashboard_uses_paid_amount" time="0.227" /><testcase classname="tests.test_donations_expenses_v4.TestPendingDues" name="test_pending_dues_only_partial" time="0.181" /><testcase classname="tests.test_donations_expenses_v4.TestBackwardCompat" name="test_legacy_donation_treated_as_paid" time="0.171"><failure message="assert -50.0 == 750.0&#10; +  where -50.0 = round((9868.0 - 9918.0), 2)&#10; +    where 9868.0 = float(9868.0)">self = &lt;test_donations_expenses_v4.TestBackwardCompat object at 0xfe11ef458e10&gt;
api_client = &lt;requests.sessions.Session object at 0xfe11ef39f0d0&gt;
base_url = 'https://festival-hub-46.preview.emergentagent.com'
president_headers = {'Authorization': 'Bearer TEST_tok_78d373746b6c407f9b93ef859a054823', 'Content-Type': 'application/json'}
mongo_db = Database(MongoClient(host=['localhost:27017'], document_class=dict, tz_aware=False, connect=True), 'test_database')
president = {'user_id': 'user_327cc3c79505', 'email': 'TEST_president_3af81d@example.com', 'token': 'TEST_tok_78d373746b6c407f9b93ef859a054823', 'role': 'President', ...}

    def test_legacy_donation_treated_as_paid(self, api_client, base_url, president_headers, mongo_db, president):
        # Baseline dashboard
        b = api_client.get(f"{base_url}/api/dashboard", headers=president_headers).json()
        base_total = float(b["total_donations"])
        base_dues_count = int(b.get("pending_dues_count", 0))
    
        # Insert legacy donation directly (no paid_amount field)
        legacy_id = f"don_legacy_{uuid.uuid4().hex[:8]}"
        mongo_db.donations.insert_one({
            "donation_id": legacy_id,
            "committee_id": president["committee_id"],
            "donor_name": "TEST_Legacy",
            "amount": 750.0,
            "mode": "cash",
            "created_at": datetime.now(timezone.utc),
            "created_by": "System",
        })
    
        # Pending dues must NOT include it
        pd = api_client.get(f"{base_url}/api/pending-dues", headers=president_headers).json()
        assert legacy_id not in {i["donation_id"] for i in pd}, \
            "Legacy donation (no paid_amount) must be treated as fully paid"
    
        # Dashboard: total_donations should include the full 750
        d = api_client.get(f"{base_url}/api/dashboard", headers=president_headers).json()
&gt;       assert round(float(d["total_donations"]) - base_total, 2) == 750.0
E       assert -50.0 == 750.0
E        +  where -50.0 = round((9868.0 - 9918.0), 2)
E        +    where 9868.0 = float(9868.0)

tests/test_donations_expenses_v4.py:191: AssertionError</failure></testcase><testcase classname="tests.test_vinayaka_backend.TestAnnouncements" name="test_create_and_list" time="0.123" /><testcase classname="tests.test_vinayaka_backend.TestEvents" name="test_create_and_list" time="0.149" /></testsuite></testsuites>