<?xml version="1.0" encoding="utf-8"?><testsuites name="pytest tests"><testsuite name="pytest" errors="0" failures="0" skipped="0" tests="15" time="1.901" timestamp="2026-09-13T08:32:02.066926+00:00" hostname="agent-env-bb82db99-cf44-4106-96a2-e8f80255160e"><testcase classname="tests.test_donations_expenses_v4.TestDonationPatch" name="test_patch_completes_partial" time="0.315" /><testcase classname="tests.test_donations_expenses_v4.TestDonationPaidAmount" name="test_post_without_paid_amount_defaults_full" time="0.335" /><testcase classname="tests.test_donations_expenses_v4.TestDonationPatch" name="test_patch_amount_and_paid" time="0.109" /><testcase classname="tests.test_donations_expenses_v4.TestDonationPaidAmount" name="test_post_with_partial_paid" time="0.041" /><testcase classname="tests.test_donations_expenses_v4.TestDonationPaidAmount" name="test_post_clamps_paid_over_amount" time="0.080" /><testcase classname="tests.test_donations_expenses_v4.TestDonationPatch" name="test_patch_no_fields_returns_400" time="0.148" /><testcase classname="tests.test_donations_expenses_v4.TestDonationPaidAmount" name="test_post_clamps_negative_paid_to_zero" time="0.080" /><testcase classname="tests.test_donations_expenses_v4.TestExpensePatch" name="test_edit_expense_as_regular_member" time="0.128" /><testcase classname="tests.test_donations_expenses_v4.TestDonationPatch" name="test_patch_missing_id_returns_404" time="0.032" /><testcase classname="tests.test_donations_expenses_v4.TestPendingDues" name="test_pending_dues_only_partial" time="0.181" /><testcase classname="tests.test_donations_expenses_v4.TestExpensePatch" name="test_edit_expense_no_fields_400" time="0.117" /><testcase classname="tests.test_donations_expenses_v4.TestExpensePatch" name="test_edit_expense_missing_id_404" time="0.081" /><testcase classname="tests.test_donations_expenses_v4.TestDashboard" name="test_dashboard_uses_paid_amount" time="0.191" /><testcase classname="tests.test_donations_expenses_v4.TestExpensePatch" name="test_approve_still_rbac_gated" time="0.201" /><testcase classname="tests.test_donations_expenses_v4.TestBackwardCompat" name="test_legacy_donation_treated_as_paid" time="0.189" /></testsuite></testsuites>