<?xml version="1.0" encoding="utf-8"?><testsuites name="pytest tests"><testsuite name="pytest" errors="0" failures="0" skipped="0" tests="11" time="3.727" timestamp="2026-09-13T10:47:34.161441+00:00" hostname="agent-env-bb82db99-cf44-4106-96a2-e8f80255160e"><testcase classname="tests.test_committees.TestCommitteeCreate" name="test_create_requires_auth" time="0.133" /><testcase classname="tests.test_committees.TestCommitteeCreate" name="test_create_blank_name_rejected" time="0.099" /><testcase classname="tests.test_committees.TestCommitteeCreate" name="test_create_success_returns_code_and_promotes_president" time="0.192" /><testcase classname="tests.test_committees.TestCommitteeJoin" name="test_join_wrong_code_404" time="0.098" /><testcase classname="tests.test_committees.TestCommitteeJoin" name="test_join_correct_code_regular_member" time="0.246" /><testcase classname="tests.test_committees.TestCommitteeLeave" name="test_leave_clears_committee" time="0.371" /><testcase classname="tests.test_committees.TestMyCommittee" name="test_me_null_when_no_committee" time="0.090" /><testcase classname="tests.test_committees.TestGate428" name="test_no_committee_returns_428" time="0.719" /><testcase classname="tests.test_committees.TestIsolation" name="test_donation_isolation" time="0.549" /><testcase classname="tests.test_committees.TestIsolation" name="test_join_grants_access_to_existing_data" time="0.516" /><testcase classname="tests.test_committees.TestIsolation" name="test_seed_scoped_to_current_committee" time="0.678" /></testsuite></testsuites>