<?xml version="1.0" encoding="utf-8"?><testsuites name="pytest tests"><testsuite name="pytest" errors="0" failures="0" skipped="0" tests="23" time="3.418" timestamp="2026-09-13T12:28:41.266392+00:00" hostname="agent-env-bb82db99-cf44-4106-96a2-e8f80255160e"><testcase classname="tests.test_tasks_edit_delete.TestTaskPatchContent" name="test_author_can_edit_content" time="0.484" /><testcase classname="tests.test_tasks_edit_delete.TestTaskDelete" name="test_author_can_delete" time="0.626" /><testcase classname="tests.test_tasks_edit_delete.TestTaskPatchContent" name="test_assignee_can_edit_content" time="0.213" /><testcase classname="tests.test_tasks_edit_delete.TestTaskDelete" name="test_president_can_delete_someone_elses" time="0.300" /><testcase classname="tests.test_tasks_edit_delete.TestTaskPatchContent" name="test_president_can_edit_content" time="0.149" /><testcase classname="tests.test_tasks_edit_delete.TestTaskPatchContent" name="test_vp_can_edit_content" time="0.199" /><testcase classname="tests.test_tasks_edit_delete.TestTaskDelete" name="test_vp_can_delete" time="0.187" /><testcase classname="tests.test_tasks_edit_delete.TestTaskPatchContent" name="test_secretary_can_edit_content" time="0.145" /><testcase classname="tests.test_tasks_edit_delete.TestTaskDelete" name="test_secretary_can_delete" time="0.164" /><testcase classname="tests.test_tasks_edit_delete.TestTaskPatchContent" name="test_other_member_forbidden_on_content_edit" time="0.223" /><testcase classname="tests.test_tasks_edit_delete.TestTaskDelete" name="test_assignee_cannot_delete" time="0.154" /><testcase classname="tests.test_tasks_edit_delete.TestTaskPatchContent" name="test_other_member_forbidden_on_priority" time="0.161" /><testcase classname="tests.test_tasks_edit_delete.TestTaskDelete" name="test_other_member_cannot_delete" time="0.167" /><testcase classname="tests.test_tasks_edit_delete.TestTaskPatchNegatives" name="test_patch_missing_id_returns_404" time="0.081" /><testcase classname="tests.test_tasks_edit_delete.TestTaskDelete" name="test_delete_missing_returns_404" time="0.089" /><testcase classname="tests.test_tasks_edit_delete.TestTaskPatchNegatives" name="test_patch_no_valid_fields_returns_400" time="0.168" /><testcase classname="tests.test_tasks_edit_delete.TestTaskDelete" name="test_delete_cross_committee_returns_404" time="0.303" /><testcase classname="tests.test_tasks_edit_delete.TestTaskPatchNegatives" name="test_patch_empty_body_returns_400" time="0.204" /><testcase classname="tests.test_tasks_edit_delete.TestTaskStatusOnly" name="test_other_member_can_toggle_status" time="0.179" /><testcase classname="tests.test_tasks_edit_delete.TestTaskPatchNegatives" name="test_patch_cross_committee_returns_404" time="0.195" /><testcase classname="tests.test_tasks_edit_delete.TestTaskStatusOnly" name="test_other_member_can_cycle_status" time="0.298" /><testcase classname="tests.test_tasks_edit_delete.TestTaskCreateRegression" name="test_create_task_basic" time="0.154" /><testcase classname="tests.test_tasks_edit_delete.TestTaskStatusOnly" name="test_status_plus_title_by_other_forbidden" time="0.152" /></testsuite></testsuites>