<?xml version="1.0" encoding="utf-8"?><testsuites name="pytest tests"><testsuite name="pytest" errors="33" failures="9" skipped="0" tests="99" time="7.434" timestamp="2026-09-13T10:47:44.397686+00:00" hostname="agent-env-bb82db99-cf44-4106-96a2-e8f80255160e"><testcase classname="tests.test_vinayaka_v3.TestSmsConfig" name="test_get_forbidden_for_regular" time="0.110" /><testcase classname="tests.test_vinayaka_v2.TestPolls" name="test_create_min_options_validation" time="0.006"><error message="failed on setup with &quot;pymongo.errors.DuplicateKeyError: E11000 duplicate key error collection: test_database.committees index: code_1 dup key: { code: &quot;TESTCO&quot; }, full error: {'index': 0, 'code': 11000, 'errmsg': 'E11000 duplicate key error collection: test_database.committees index: code_1 dup key: { code: &quot;TESTCO&quot; }', 'keyPattern': {'code': 1}, 'keyValue': {'code': 'TESTCO'}}&quot;">tests/conftest.py:90: in president
    user = _make_user(mongo_db, "President", "president")
           ^^^^^^^^^^^^^^^^^^^^^^^^^^^^^^^^^^^^^^^^^^^^^^
tests/conftest.py:67: in _make_user
    committee_id = _ensure_test_committee(mongo_db)
                   ^^^^^^^^^^^^^^^^^^^^^^^^^^^^^^^^
tests/conftest.py:51: in _ensure_test_committee
    mongo_db.committees.insert_one({
/root/.venv/lib/python3.11/site-packages/pymongo/collection.py:669: in insert_one
    self._insert_one(
/root/.venv/lib/python3.11/site-packages/pymongo/collection.py:609: in _insert_one
    self.__database.client._retryable_write(acknowledged, _insert_command, session)
/root/.venv/lib/python3.11/site-packages/pymongo/mongo_client.py:1523: in _retryable_write
    return self._retry_with_session(retryable, func, s, bulk)
           ^^^^^^^^^^^^^^^^^^^^^^^^^^^^^^^^^^^^^^^^^^^^^^^^^^
/root/.venv/lib/python3.11/site-packages/pymongo/mongo_client.py:1421: in _retry_with_session
    return self._retry_internal(
/root/.venv/lib/python3.11/site-packages/pymongo/_csot.py:107: in csot_wrapper
    return func(self, *args, **kwargs)
           ^^^^^^^^^^^^^^^^^^^^^^^^^^^
/root/.venv/lib/python3.11/site-packages/pymongo/mongo_client.py:1462: in _retry_internal
    ).run()
      ^^^^^
/root/.venv/lib/python3.11/site-packages/pymongo/mongo_client.py:2315: in run
    return self._read() if self._is_read else self._write()
                                              ^^^^^^^^^^^^^
/root/.venv/lib/python3.11/site-packages/pymongo/mongo_client.py:2423: in _write
    return self._func(self._session, conn, self._retryable)  # type: ignore
           ^^^^^^^^^^^^^^^^^^^^^^^^^^^^^^^^^^^^^^^^^^^^^^^^
/root/.venv/lib/python3.11/site-packages/pymongo/collection.py:607: in _insert_command
    _check_write_command_response(result)
/root/.venv/lib/python3.11/site-packages/pymongo/helpers.py:266: in _check_write_command_response
    _raise_last_write_error(write_errors)
/root/.venv/lib/python3.11/site-packages/pymongo/helpers.py:238: in _raise_last_write_error
    raise DuplicateKeyError(error.get("errmsg"), 11000, error)
E   pymongo.errors.DuplicateKeyError: E11000 duplicate key error collection: test_database.committees index: code_1 dup key: { code: "TESTCO" }, full error: {'index': 0, 'code': 11000, 'errmsg': 'E11000 duplicate key error collection: test_database.committees index: code_1 dup key: { code: "TESTCO" }', 'keyPattern': {'code': 1}, 'keyValue': {'code': 'TESTCO'}}</error></testcase><testcase classname="tests.test_vinayaka_v3.TestSmsConfig" name="test_get_as_president_defaults" time="0.077" /><testcase classname="tests.test_vinayaka_v2.TestPolls" name="test_create_poll" time="0.000"><error message="failed on setup with &quot;pymongo.errors.DuplicateKeyError: E11000 duplicate key error collection: test_database.committees index: code_1 dup key: { code: &quot;TESTCO&quot; }, full error: {'index': 0, 'code': 11000, 'errmsg': 'E11000 duplicate key error collection: test_database.committees index: code_1 dup key: { code: &quot;TESTCO&quot; }', 'keyPattern': {'code': 1}, 'keyValue': {'code': 'TESTCO'}}&quot;">tests/conftest.py:90: in president
    user = _make_user(mongo_db, "President", "president")
           ^^^^^^^^^^^^^^^^^^^^^^^^^^^^^^^^^^^^^^^^^^^^^^
tests/conftest.py:67: in _make_user
    committee_id = _ensure_test_committee(mongo_db)
                   ^^^^^^^^^^^^^^^^^^^^^^^^^^^^^^^^
tests/conftest.py:51: in _ensure_test_committee
    mongo_db.committees.insert_one({
/root/.venv/lib/python3.11/site-packages/pymongo/collection.py:669: in insert_one
    self._insert_one(
/root/.venv/lib/python3.11/site-packages/pymongo/collection.py:609: in _insert_one
    self.__database.client._retryable_write(acknowledged, _insert_command, session)
/root/.venv/lib/python3.11/site-packages/pymongo/mongo_client.py:1523: in _retryable_write
    return self._retry_with_session(retryable, func, s, bulk)
           ^^^^^^^^^^^^^^^^^^^^^^^^^^^^^^^^^^^^^^^^^^^^^^^^^^
/root/.venv/lib/python3.11/site-packages/pymongo/mongo_client.py:1421: in _retry_with_session
    return self._retry_internal(
/root/.venv/lib/python3.11/site-packages/pymongo/_csot.py:107: in csot_wrapper
    return func(self, *args, **kwargs)
           ^^^^^^^^^^^^^^^^^^^^^^^^^^^
/root/.venv/lib/python3.11/site-packages/pymongo/mongo_client.py:1462: in _retry_internal
    ).run()
      ^^^^^
/root/.venv/lib/python3.11/site-packages/pymongo/mongo_client.py:2315: in run
    return self._read() if self._is_read else self._write()
                                              ^^^^^^^^^^^^^
/root/.venv/lib/python3.11/site-packages/pymongo/mongo_client.py:2423: in _write
    return self._func(self._session, conn, self._retryable)  # type: ignore
           ^^^^^^^^^^^^^^^^^^^^^^^^^^^^^^^^^^^^^^^^^^^^^^^^
/root/.venv/lib/python3.11/site-packages/pymongo/collection.py:607: in _insert_command
    _check_write_command_response(result)
/root/.venv/lib/python3.11/site-packages/pymongo/helpers.py:266: in _check_write_command_response
    _raise_last_write_error(write_errors)
/root/.venv/lib/python3.11/site-packages/pymongo/helpers.py:238: in _raise_last_write_error
    raise DuplicateKeyError(error.get("errmsg"), 11000, error)
E   pymongo.errors.DuplicateKeyError: E11000 duplicate key error collection: test_database.committees index: code_1 dup key: { code: "TESTCO" }, full error: {'index': 0, 'code': 11000, 'errmsg': 'E11000 duplicate key error collection: test_database.committees index: code_1 dup key: { code: "TESTCO" }', 'keyPattern': {'code': 1}, 'keyValue': {'code': 'TESTCO'}}</error></testcase><testcase classname="tests.test_vinayaka_v2.TestPolls" name="test_list_shows_new_poll" time="0.092"><failure message="assert 0 == 1&#10; +  where 0 = len([])">tests/test_vinayaka_v2.py:193: in test_list_shows_new_poll
    assert len(match) == 1
E   assert 0 == 1
E    +  where 0 = len([])</failure></testcase><testcase classname="tests.test_vinayaka_v3.TestSmsConfig" name="test_put_as_president_full_body" time="0.075" /><testcase classname="tests.test_vinayaka_v2.TestPolls" name="test_vote_bad_option" time="0.045"><failure message="assert 404 == 400&#10; +  where 404 = &lt;Response [404]&gt;.status_code">tests/test_vinayaka_v2.py:204: in test_vote_bad_option
    assert r.status_code == 400
E   assert 404 == 400
E    +  where 404 = &lt;Response [404]&gt;.status_code</failure></testcase><testcase classname="tests.test_vinayaka_v3.TestSmsConfig" name="test_get_hides_secrets_shows_flags" time="0.073" /><testcase classname="tests.test_vinayaka_v2.TestPolls" name="test_same_user_double_vote_counts_once" time="0.080"><failure message="assert 404 == 200&#10; +  where 404 = &lt;Response [404]&gt;.status_code">tests/test_vinayaka_v2.py:214: in test_same_user_double_vote_counts_once
    assert r1.status_code == 200
E   assert 404 == 200
E    +  where 404 = &lt;Response [404]&gt;.status_code</failure></testcase><testcase classname="tests.test_vinayaka_v3.TestSmsConfig" name="test_put_blank_token_preserves_previous" time="0.034" /><testcase classname="tests.test_vinayaka_v3.TestSmsConfig" name="test_put_forbidden_for_regular" time="0.071" /><testcase classname="tests.test_vinayaka_v3.TestSmsConfig" name="test_sms_test_endpoint_no_creds_skipped" time="0.096" /><testcase classname="tests.test_vinayaka_v2.TestPolls" name="test_second_user_votes_option1" time="0.002"><error message="failed on setup with &quot;pymongo.errors.DuplicateKeyError: E11000 duplicate key error collection: test_database.committees index: code_1 dup key: { code: &quot;TESTCO&quot; }, full error: {'index': 0, 'code': 11000, 'errmsg': 'E11000 duplicate key error collection: test_database.committees index: code_1 dup key: { code: &quot;TESTCO&quot; }', 'keyPattern': {'code': 1}, 'keyValue': {'code': 'TESTCO'}}&quot;">tests/conftest.py:90: in president
    user = _make_user(mongo_db, "President", "president")
           ^^^^^^^^^^^^^^^^^^^^^^^^^^^^^^^^^^^^^^^^^^^^^^
tests/conftest.py:67: in _make_user
    committee_id = _ensure_test_committee(mongo_db)
                   ^^^^^^^^^^^^^^^^^^^^^^^^^^^^^^^^
tests/conftest.py:51: in _ensure_test_committee
    mongo_db.committees.insert_one({
/root/.venv/lib/python3.11/site-packages/pymongo/collection.py:669: in insert_one
    self._insert_one(
/root/.venv/lib/python3.11/site-packages/pymongo/collection.py:609: in _insert_one
    self.__database.client._retryable_write(acknowledged, _insert_command, session)
/root/.venv/lib/python3.11/site-packages/pymongo/mongo_client.py:1523: in _retryable_write
    return self._retry_with_session(retryable, func, s, bulk)
           ^^^^^^^^^^^^^^^^^^^^^^^^^^^^^^^^^^^^^^^^^^^^^^^^^^
/root/.venv/lib/python3.11/site-packages/pymongo/mongo_client.py:1421: in _retry_with_session
    return self._retry_internal(
/root/.venv/lib/python3.11/site-packages/pymongo/_csot.py:107: in csot_wrapper
    return func(self, *args, **kwargs)
           ^^^^^^^^^^^^^^^^^^^^^^^^^^^
/root/.venv/lib/python3.11/site-packages/pymongo/mongo_client.py:1462: in _retry_internal
    ).run()
      ^^^^^
/root/.venv/lib/python3.11/site-packages/pymongo/mongo_client.py:2315: in run
    return self._read() if self._is_read else self._write()
                                              ^^^^^^^^^^^^^
/root/.venv/lib/python3.11/site-packages/pymongo/mongo_client.py:2423: in _write
    return self._func(self._session, conn, self._retryable)  # type: ignore
           ^^^^^^^^^^^^^^^^^^^^^^^^^^^^^^^^^^^^^^^^^^^^^^^^
/root/.venv/lib/python3.11/site-packages/pymongo/collection.py:607: in _insert_command
    _check_write_command_response(result)
/root/.venv/lib/python3.11/site-packages/pymongo/helpers.py:266: in _check_write_command_response
    _raise_last_write_error(write_errors)
/root/.venv/lib/python3.11/site-packages/pymongo/helpers.py:238: in _raise_last_write_error
    raise DuplicateKeyError(error.get("errmsg"), 11000, error)
E   pymongo.errors.DuplicateKeyError: E11000 duplicate key error collection: test_database.committees index: code_1 dup key: { code: "TESTCO" }, full error: {'index': 0, 'code': 11000, 'errmsg': 'E11000 duplicate key error collection: test_database.committees index: code_1 dup key: { code: "TESTCO" }', 'keyPattern': {'code': 1}, 'keyValue': {'code': 'TESTCO'}}</error></testcase><testcase classname="tests.test_vinayaka_v3.TestSmsConfig" name="test_sms_test_endpoint_forbidden_for_regular" time="0.074" /><testcase classname="tests.test_vinayaka_v2.TestPolls" name="test_anonymous_poll" time="0.000"><error message="failed on setup with &quot;pymongo.errors.DuplicateKeyError: E11000 duplicate key error collection: test_database.committees index: code_1 dup key: { code: &quot;TESTCO&quot; }, full error: {'index': 0, 'code': 11000, 'errmsg': 'E11000 duplicate key error collection: test_database.committees index: code_1 dup key: { code: &quot;TESTCO&quot; }', 'keyPattern': {'code': 1}, 'keyValue': {'code': 'TESTCO'}}&quot;">tests/conftest.py:90: in president
    user = _make_user(mongo_db, "President", "president")
           ^^^^^^^^^^^^^^^^^^^^^^^^^^^^^^^^^^^^^^^^^^^^^^
tests/conftest.py:67: in _make_user
    committee_id = _ensure_test_committee(mongo_db)
                   ^^^^^^^^^^^^^^^^^^^^^^^^^^^^^^^^
tests/conftest.py:51: in _ensure_test_committee
    mongo_db.committees.insert_one({
/root/.venv/lib/python3.11/site-packages/pymongo/collection.py:669: in insert_one
    self._insert_one(
/root/.venv/lib/python3.11/site-packages/pymongo/collection.py:609: in _insert_one
    self.__database.client._retryable_write(acknowledged, _insert_command, session)
/root/.venv/lib/python3.11/site-packages/pymongo/mongo_client.py:1523: in _retryable_write
    return self._retry_with_session(retryable, func, s, bulk)
           ^^^^^^^^^^^^^^^^^^^^^^^^^^^^^^^^^^^^^^^^^^^^^^^^^^
/root/.venv/lib/python3.11/site-packages/pymongo/mongo_client.py:1421: in _retry_with_session
    return self._retry_internal(
/root/.venv/lib/python3.11/site-packages/pymongo/_csot.py:107: in csot_wrapper
    return func(self, *args, **kwargs)
           ^^^^^^^^^^^^^^^^^^^^^^^^^^^
/root/.venv/lib/python3.11/site-packages/pymongo/mongo_client.py:1462: in _retry_internal
    ).run()
      ^^^^^
/root/.venv/lib/python3.11/site-packages/pymongo/mongo_client.py:2315: in run
    return self._read() if self._is_read else self._write()
                                              ^^^^^^^^^^^^^
/root/.venv/lib/python3.11/site-packages/pymongo/mongo_client.py:2423: in _write
    return self._func(self._session, conn, self._retryable)  # type: ignore
           ^^^^^^^^^^^^^^^^^^^^^^^^^^^^^^^^^^^^^^^^^^^^^^^^
/root/.venv/lib/python3.11/site-packages/pymongo/collection.py:607: in _insert_command
    _check_write_command_response(result)
/root/.venv/lib/python3.11/site-packages/pymongo/helpers.py:266: in _check_write_command_response
    _raise_last_write_error(write_errors)
/root/.venv/lib/python3.11/site-packages/pymongo/helpers.py:238: in _raise_last_write_error
    raise DuplicateKeyError(error.get("errmsg"), 11000, error)
E   pymongo.errors.DuplicateKeyError: E11000 duplicate key error collection: test_database.committees index: code_1 dup key: { code: "TESTCO" }, full error: {'index': 0, 'code': 11000, 'errmsg': 'E11000 duplicate key error collection: test_database.committees index: code_1 dup key: { code: "TESTCO" }', 'keyPattern': {'code': 1}, 'keyValue': {'code': 'TESTCO'}}</error></testcase><testcase classname="tests.test_vinayaka_v2.TestGallery" name="test_list_initial" time="0.131" /><testcase classname="tests.test_vinayaka_v2.TestPolls" name="test_non_creator_non_officer_cannot_close" time="0.000"><error message="failed on setup with &quot;pymongo.errors.DuplicateKeyError: E11000 duplicate key error collection: test_database.committees index: code_1 dup key: { code: &quot;TESTCO&quot; }, full error: {'index': 0, 'code': 11000, 'errmsg': 'E11000 duplicate key error collection: test_database.committees index: code_1 dup key: { code: &quot;TESTCO&quot; }', 'keyPattern': {'code': 1}, 'keyValue': {'code': 'TESTCO'}}&quot;">tests/conftest.py:90: in president
    user = _make_user(mongo_db, "President", "president")
           ^^^^^^^^^^^^^^^^^^^^^^^^^^^^^^^^^^^^^^^^^^^^^^
tests/conftest.py:67: in _make_user
    committee_id = _ensure_test_committee(mongo_db)
                   ^^^^^^^^^^^^^^^^^^^^^^^^^^^^^^^^
tests/conftest.py:51: in _ensure_test_committee
    mongo_db.committees.insert_one({
/root/.venv/lib/python3.11/site-packages/pymongo/collection.py:669: in insert_one
    self._insert_one(
/root/.venv/lib/python3.11/site-packages/pymongo/collection.py:609: in _insert_one
    self.__database.client._retryable_write(acknowledged, _insert_command, session)
/root/.venv/lib/python3.11/site-packages/pymongo/mongo_client.py:1523: in _retryable_write
    return self._retry_with_session(retryable, func, s, bulk)
           ^^^^^^^^^^^^^^^^^^^^^^^^^^^^^^^^^^^^^^^^^^^^^^^^^^
/root/.venv/lib/python3.11/site-packages/pymongo/mongo_client.py:1421: in _retry_with_session
    return self._retry_internal(
/root/.venv/lib/python3.11/site-packages/pymongo/_csot.py:107: in csot_wrapper
    return func(self, *args, **kwargs)
           ^^^^^^^^^^^^^^^^^^^^^^^^^^^
/root/.venv/lib/python3.11/site-packages/pymongo/mongo_client.py:1462: in _retry_internal
    ).run()
      ^^^^^
/root/.venv/lib/python3.11/site-packages/pymongo/mongo_client.py:2315: in run
    return self._read() if self._is_read else self._write()
                                              ^^^^^^^^^^^^^
/root/.venv/lib/python3.11/site-packages/pymongo/mongo_client.py:2423: in _write
    return self._func(self._session, conn, self._retryable)  # type: ignore
           ^^^^^^^^^^^^^^^^^^^^^^^^^^^^^^^^^^^^^^^^^^^^^^^^
/root/.venv/lib/python3.11/site-packages/pymongo/collection.py:607: in _insert_command
    _check_write_command_response(result)
/root/.venv/lib/python3.11/site-packages/pymongo/helpers.py:266: in _check_write_command_response
    _raise_last_write_error(write_errors)
/root/.venv/lib/python3.11/site-packages/pymongo/helpers.py:238: in _raise_last_write_error
    raise DuplicateKeyError(error.get("errmsg"), 11000, error)
E   pymongo.errors.DuplicateKeyError: E11000 duplicate key error collection: test_database.committees index: code_1 dup key: { code: "TESTCO" }, full error: {'index': 0, 'code': 11000, 'errmsg': 'E11000 duplicate key error collection: test_database.committees index: code_1 dup key: { code: "TESTCO" }', 'keyPattern': {'code': 1}, 'keyValue': {'code': 'TESTCO'}}</error></testcase><testcase classname="tests.test_vinayaka_v2.TestPolls" name="test_creator_can_close_then_vote_blocked" time="0.000"><error message="failed on setup with &quot;pymongo.errors.DuplicateKeyError: E11000 duplicate key error collection: test_database.committees index: code_1 dup key: { code: &quot;TESTCO&quot; }, full error: {'index': 0, 'code': 11000, 'errmsg': 'E11000 duplicate key error collection: test_database.committees index: code_1 dup key: { code: &quot;TESTCO&quot; }', 'keyPattern': {'code': 1}, 'keyValue': {'code': 'TESTCO'}}&quot;">tests/conftest.py:90: in president
    user = _make_user(mongo_db, "President", "president")
           ^^^^^^^^^^^^^^^^^^^^^^^^^^^^^^^^^^^^^^^^^^^^^^
tests/conftest.py:67: in _make_user
    committee_id = _ensure_test_committee(mongo_db)
                   ^^^^^^^^^^^^^^^^^^^^^^^^^^^^^^^^
tests/conftest.py:51: in _ensure_test_committee
    mongo_db.committees.insert_one({
/root/.venv/lib/python3.11/site-packages/pymongo/collection.py:669: in insert_one
    self._insert_one(
/root/.venv/lib/python3.11/site-packages/pymongo/collection.py:609: in _insert_one
    self.__database.client._retryable_write(acknowledged, _insert_command, session)
/root/.venv/lib/python3.11/site-packages/pymongo/mongo_client.py:1523: in _retryable_write
    return self._retry_with_session(retryable, func, s, bulk)
           ^^^^^^^^^^^^^^^^^^^^^^^^^^^^^^^^^^^^^^^^^^^^^^^^^^
/root/.venv/lib/python3.11/site-packages/pymongo/mongo_client.py:1421: in _retry_with_session
    return self._retry_internal(
/root/.venv/lib/python3.11/site-packages/pymongo/_csot.py:107: in csot_wrapper
    return func(self, *args, **kwargs)
           ^^^^^^^^^^^^^^^^^^^^^^^^^^^
/root/.venv/lib/python3.11/site-packages/pymongo/mongo_client.py:1462: in _retry_internal
    ).run()
      ^^^^^
/root/.venv/lib/python3.11/site-packages/pymongo/mongo_client.py:2315: in run
    return self._read() if self._is_read else self._write()
                                              ^^^^^^^^^^^^^
/root/.venv/lib/python3.11/site-packages/pymongo/mongo_client.py:2423: in _write
    return self._func(self._session, conn, self._retryable)  # type: ignore
           ^^^^^^^^^^^^^^^^^^^^^^^^^^^^^^^^^^^^^^^^^^^^^^^^
/root/.venv/lib/python3.11/site-packages/pymongo/collection.py:607: in _insert_command
    _check_write_command_response(result)
/root/.venv/lib/python3.11/site-packages/pymongo/helpers.py:266: in _check_write_command_response
    _raise_last_write_error(write_errors)
/root/.venv/lib/python3.11/site-packages/pymongo/helpers.py:238: in _raise_last_write_error
    raise DuplicateKeyError(error.get("errmsg"), 11000, error)
E   pymongo.errors.DuplicateKeyError: E11000 duplicate key error collection: test_database.committees index: code_1 dup key: { code: "TESTCO" }, full error: {'index': 0, 'code': 11000, 'errmsg': 'E11000 duplicate key error collection: test_database.committees index: code_1 dup key: { code: "TESTCO" }', 'keyPattern': {'code': 1}, 'keyValue': {'code': 'TESTCO'}}</error></testcase><testcase classname="tests.test_vinayaka_v2.TestGallery" name="test_add_gallery_as_member" time="0.075" /><testcase classname="tests.test_vinayaka_v3.TestEventRsvp" name="test_create_event_for_rsvp" time="0.000"><error message="failed on setup with &quot;pymongo.errors.DuplicateKeyError: E11000 duplicate key error collection: test_database.committees index: code_1 dup key: { code: &quot;TESTCO&quot; }, full error: {'index': 0, 'code': 11000, 'errmsg': 'E11000 duplicate key error collection: test_database.committees index: code_1 dup key: { code: &quot;TESTCO&quot; }', 'keyPattern': {'code': 1}, 'keyValue': {'code': 'TESTCO'}}&quot;">tests/conftest.py:90: in president
    user = _make_user(mongo_db, "President", "president")
           ^^^^^^^^^^^^^^^^^^^^^^^^^^^^^^^^^^^^^^^^^^^^^^
tests/conftest.py:67: in _make_user
    committee_id = _ensure_test_committee(mongo_db)
                   ^^^^^^^^^^^^^^^^^^^^^^^^^^^^^^^^
tests/conftest.py:51: in _ensure_test_committee
    mongo_db.committees.insert_one({
/root/.venv/lib/python3.11/site-packages/pymongo/collection.py:669: in insert_one
    self._insert_one(
/root/.venv/lib/python3.11/site-packages/pymongo/collection.py:609: in _insert_one
    self.__database.client._retryable_write(acknowledged, _insert_command, session)
/root/.venv/lib/python3.11/site-packages/pymongo/mongo_client.py:1523: in _retryable_write
    return self._retry_with_session(retryable, func, s, bulk)
           ^^^^^^^^^^^^^^^^^^^^^^^^^^^^^^^^^^^^^^^^^^^^^^^^^^
/root/.venv/lib/python3.11/site-packages/pymongo/mongo_client.py:1421: in _retry_with_session
    return self._retry_internal(
/root/.venv/lib/python3.11/site-packages/pymongo/_csot.py:107: in csot_wrapper
    return func(self, *args, **kwargs)
           ^^^^^^^^^^^^^^^^^^^^^^^^^^^
/root/.venv/lib/python3.11/site-packages/pymongo/mongo_client.py:1462: in _retry_internal
    ).run()
      ^^^^^
/root/.venv/lib/python3.11/site-packages/pymongo/mongo_client.py:2315: in run
    return self._read() if self._is_read else self._write()
                                              ^^^^^^^^^^^^^
/root/.venv/lib/python3.11/site-packages/pymongo/mongo_client.py:2423: in _write
    return self._func(self._session, conn, self._retryable)  # type: ignore
           ^^^^^^^^^^^^^^^^^^^^^^^^^^^^^^^^^^^^^^^^^^^^^^^^
/root/.venv/lib/python3.11/site-packages/pymongo/collection.py:607: in _insert_command
    _check_write_command_response(result)
/root/.venv/lib/python3.11/site-packages/pymongo/helpers.py:266: in _check_write_command_response
    _raise_last_write_error(write_errors)
/root/.venv/lib/python3.11/site-packages/pymongo/helpers.py:238: in _raise_last_write_error
    raise DuplicateKeyError(error.get("errmsg"), 11000, error)
E   pymongo.errors.DuplicateKeyError: E11000 duplicate key error collection: test_database.committees index: code_1 dup key: { code: "TESTCO" }, full error: {'index': 0, 'code': 11000, 'errmsg': 'E11000 duplicate key error collection: test_database.committees index: code_1 dup key: { code: "TESTCO" }', 'keyPattern': {'code': 1}, 'keyValue': {'code': 'TESTCO'}}</error></testcase><testcase classname="tests.test_vinayaka_v3.TestEventRsvp" name="test_bad_status_returns_400" time="0.000"><failure message="assert None&#10; +  where None = TestEventRsvp.event_id">tests/test_vinayaka_v3.py:196: in test_bad_status_returns_400
    assert TestEventRsvp.event_id
E   assert None
E    +  where None = TestEventRsvp.event_id</failure></testcase><testcase classname="tests.test_vinayaka_v3.TestEventRsvp" name="test_user1_rsvps_yes_plus2" time="0.000"><failure message="assert None&#10; +  where None = TestEventRsvp.event_id">tests/test_vinayaka_v3.py:205: in test_user1_rsvps_yes_plus2
    assert TestEventRsvp.event_id
E   assert None
E    +  where None = TestEventRsvp.event_id</failure></testcase><testcase classname="tests.test_vinayaka_v2.TestGallery" name="test_add_gallery_as_second_member" time="0.138" /><testcase classname="tests.test_vinayaka_v3.TestEventRsvp" name="test_summary_after_first_rsvp" time="0.000"><error message="failed on setup with &quot;pymongo.errors.DuplicateKeyError: E11000 duplicate key error collection: test_database.committees index: code_1 dup key: { code: &quot;TESTCO&quot; }, full error: {'index': 0, 'code': 11000, 'errmsg': 'E11000 duplicate key error collection: test_database.committees index: code_1 dup key: { code: &quot;TESTCO&quot; }', 'keyPattern': {'code': 1}, 'keyValue': {'code': 'TESTCO'}}&quot;">tests/conftest.py:90: in president
    user = _make_user(mongo_db, "President", "president")
           ^^^^^^^^^^^^^^^^^^^^^^^^^^^^^^^^^^^^^^^^^^^^^^
tests/conftest.py:67: in _make_user
    committee_id = _ensure_test_committee(mongo_db)
                   ^^^^^^^^^^^^^^^^^^^^^^^^^^^^^^^^
tests/conftest.py:51: in _ensure_test_committee
    mongo_db.committees.insert_one({
/root/.venv/lib/python3.11/site-packages/pymongo/collection.py:669: in insert_one
    self._insert_one(
/root/.venv/lib/python3.11/site-packages/pymongo/collection.py:609: in _insert_one
    self.__database.client._retryable_write(acknowledged, _insert_command, session)
/root/.venv/lib/python3.11/site-packages/pymongo/mongo_client.py:1523: in _retryable_write
    return self._retry_with_session(retryable, func, s, bulk)
           ^^^^^^^^^^^^^^^^^^^^^^^^^^^^^^^^^^^^^^^^^^^^^^^^^^
/root/.venv/lib/python3.11/site-packages/pymongo/mongo_client.py:1421: in _retry_with_session
    return self._retry_internal(
/root/.venv/lib/python3.11/site-packages/pymongo/_csot.py:107: in csot_wrapper
    return func(self, *args, **kwargs)
           ^^^^^^^^^^^^^^^^^^^^^^^^^^^
/root/.venv/lib/python3.11/site-packages/pymongo/mongo_client.py:1462: in _retry_internal
    ).run()
      ^^^^^
/root/.venv/lib/python3.11/site-packages/pymongo/mongo_client.py:2315: in run
    return self._read() if self._is_read else self._write()
                                              ^^^^^^^^^^^^^
/root/.venv/lib/python3.11/site-packages/pymongo/mongo_client.py:2423: in _write
    return self._func(self._session, conn, self._retryable)  # type: ignore
           ^^^^^^^^^^^^^^^^^^^^^^^^^^^^^^^^^^^^^^^^^^^^^^^^
/root/.venv/lib/python3.11/site-packages/pymongo/collection.py:607: in _insert_command
    _check_write_command_response(result)
/root/.venv/lib/python3.11/site-packages/pymongo/helpers.py:266: in _check_write_command_response
    _raise_last_write_error(write_errors)
/root/.venv/lib/python3.11/site-packages/pymongo/helpers.py:238: in _raise_last_write_error
    raise DuplicateKeyError(error.get("errmsg"), 11000, error)
E   pymongo.errors.DuplicateKeyError: E11000 duplicate key error collection: test_database.committees index: code_1 dup key: { code: "TESTCO" }, full error: {'index': 0, 'code': 11000, 'errmsg': 'E11000 duplicate key error collection: test_database.committees index: code_1 dup key: { code: "TESTCO" }', 'keyPattern': {'code': 1}, 'keyValue': {'code': 'TESTCO'}}</error></testcase><testcase classname="tests.test_vinayaka_v3.TestEventRsvp" name="test_user1_upserts_to_no" time="0.152"><failure message="IndexError: list index out of range">tests/test_vinayaka_v3.py:250: in test_user1_upserts_to_no
    row = [x for x in r3.json() if x["event_id"] == TestEventRsvp.event_id][0]
          ^^^^^^^^^^^^^^^^^^^^^^^^^^^^^^^^^^^^^^^^^^^^^^^^^^^^^^^^^^^^^^^^^^^^
E   IndexError: list index out of range</failure></testcase><testcase classname="tests.test_vinayaka_v2.TestGallery" name="test_list_non_empty" time="0.074" /><testcase classname="tests.test_vinayaka_v2.TestGallery" name="test_delete_non_owner_forbidden" time="0.073" /><testcase classname="tests.test_vinayaka_v3.TestEventRsvp" name="test_user2_rsvps_yes_plus1" time="0.000"><error message="failed on setup with &quot;pymongo.errors.DuplicateKeyError: E11000 duplicate key error collection: test_database.committees index: code_1 dup key: { code: &quot;TESTCO&quot; }, full error: {'index': 0, 'code': 11000, 'errmsg': 'E11000 duplicate key error collection: test_database.committees index: code_1 dup key: { code: &quot;TESTCO&quot; }', 'keyPattern': {'code': 1}, 'keyValue': {'code': 'TESTCO'}}&quot;">tests/conftest.py:90: in president
    user = _make_user(mongo_db, "President", "president")
           ^^^^^^^^^^^^^^^^^^^^^^^^^^^^^^^^^^^^^^^^^^^^^^
tests/conftest.py:67: in _make_user
    committee_id = _ensure_test_committee(mongo_db)
                   ^^^^^^^^^^^^^^^^^^^^^^^^^^^^^^^^
tests/conftest.py:51: in _ensure_test_committee
    mongo_db.committees.insert_one({
/root/.venv/lib/python3.11/site-packages/pymongo/collection.py:669: in insert_one
    self._insert_one(
/root/.venv/lib/python3.11/site-packages/pymongo/collection.py:609: in _insert_one
    self.__database.client._retryable_write(acknowledged, _insert_command, session)
/root/.venv/lib/python3.11/site-packages/pymongo/mongo_client.py:1523: in _retryable_write
    return self._retry_with_session(retryable, func, s, bulk)
           ^^^^^^^^^^^^^^^^^^^^^^^^^^^^^^^^^^^^^^^^^^^^^^^^^^
/root/.venv/lib/python3.11/site-packages/pymongo/mongo_client.py:1421: in _retry_with_session
    return self._retry_internal(
/root/.venv/lib/python3.11/site-packages/pymongo/_csot.py:107: in csot_wrapper
    return func(self, *args, **kwargs)
           ^^^^^^^^^^^^^^^^^^^^^^^^^^^
/root/.venv/lib/python3.11/site-packages/pymongo/mongo_client.py:1462: in _retry_internal
    ).run()
      ^^^^^
/root/.venv/lib/python3.11/site-packages/pymongo/mongo_client.py:2315: in run
    return self._read() if self._is_read else self._write()
                                              ^^^^^^^^^^^^^
/root/.venv/lib/python3.11/site-packages/pymongo/mongo_client.py:2423: in _write
    return self._func(self._session, conn, self._retryable)  # type: ignore
           ^^^^^^^^^^^^^^^^^^^^^^^^^^^^^^^^^^^^^^^^^^^^^^^^
/root/.venv/lib/python3.11/site-packages/pymongo/collection.py:607: in _insert_command
    _check_write_command_response(result)
/root/.venv/lib/python3.11/site-packages/pymongo/helpers.py:266: in _check_write_command_response
    _raise_last_write_error(write_errors)
/root/.venv/lib/python3.11/site-packages/pymongo/helpers.py:238: in _raise_last_write_error
    raise DuplicateKeyError(error.get("errmsg"), 11000, error)
E   pymongo.errors.DuplicateKeyError: E11000 duplicate key error collection: test_database.committees index: code_1 dup key: { code: "TESTCO" }, full error: {'index': 0, 'code': 11000, 'errmsg': 'E11000 duplicate key error collection: test_database.committees index: code_1 dup key: { code: "TESTCO" }', 'keyPattern': {'code': 1}, 'keyValue': {'code': 'TESTCO'}}</error></testcase><testcase classname="tests.test_vinayaka_v2.TestGallery" name="test_delete_own_ok" time="0.151" /><testcase classname="tests.test_vinayaka_backend.TestTasks" name="test_list_tasks" time="0.000"><error message="failed on setup with &quot;pymongo.errors.DuplicateKeyError: E11000 duplicate key error collection: test_database.committees index: code_1 dup key: { code: &quot;TESTCO&quot; }, full error: {'index': 0, 'code': 11000, 'errmsg': 'E11000 duplicate key error collection: test_database.committees index: code_1 dup key: { code: &quot;TESTCO&quot; }', 'keyPattern': {'code': 1}, 'keyValue': {'code': 'TESTCO'}}&quot;">tests/conftest.py:90: in president
    user = _make_user(mongo_db, "President", "president")
           ^^^^^^^^^^^^^^^^^^^^^^^^^^^^^^^^^^^^^^^^^^^^^^
tests/conftest.py:67: in _make_user
    committee_id = _ensure_test_committee(mongo_db)
                   ^^^^^^^^^^^^^^^^^^^^^^^^^^^^^^^^
tests/conftest.py:51: in _ensure_test_committee
    mongo_db.committees.insert_one({
/root/.venv/lib/python3.11/site-packages/pymongo/collection.py:669: in insert_one
    self._insert_one(
/root/.venv/lib/python3.11/site-packages/pymongo/collection.py:609: in _insert_one
    self.__database.client._retryable_write(acknowledged, _insert_command, session)
/root/.venv/lib/python3.11/site-packages/pymongo/mongo_client.py:1523: in _retryable_write
    return self._retry_with_session(retryable, func, s, bulk)
           ^^^^^^^^^^^^^^^^^^^^^^^^^^^^^^^^^^^^^^^^^^^^^^^^^^
/root/.venv/lib/python3.11/site-packages/pymongo/mongo_client.py:1421: in _retry_with_session
    return self._retry_internal(
/root/.venv/lib/python3.11/site-packages/pymongo/_csot.py:107: in csot_wrapper
    return func(self, *args, **kwargs)
           ^^^^^^^^^^^^^^^^^^^^^^^^^^^
/root/.venv/lib/python3.11/site-packages/pymongo/mongo_client.py:1462: in _retry_internal
    ).run()
      ^^^^^
/root/.venv/lib/python3.11/site-packages/pymongo/mongo_client.py:2315: in run
    return self._read() if self._is_read else self._write()
                                              ^^^^^^^^^^^^^
/root/.venv/lib/python3.11/site-packages/pymongo/mongo_client.py:2423: in _write
    return self._func(self._session, conn, self._retryable)  # type: ignore
           ^^^^^^^^^^^^^^^^^^^^^^^^^^^^^^^^^^^^^^^^^^^^^^^^
/root/.venv/lib/python3.11/site-packages/pymongo/collection.py:607: in _insert_command
    _check_write_command_response(result)
/root/.venv/lib/python3.11/site-packages/pymongo/helpers.py:266: in _check_write_command_response
    _raise_last_write_error(write_errors)
/root/.venv/lib/python3.11/site-packages/pymongo/helpers.py:238: in _raise_last_write_error
    raise DuplicateKeyError(error.get("errmsg"), 11000, error)
E   pymongo.errors.DuplicateKeyError: E11000 duplicate key error collection: test_database.committees index: code_1 dup key: { code: "TESTCO" }, full error: {'index': 0, 'code': 11000, 'errmsg': 'E11000 duplicate key error collection: test_database.committees index: code_1 dup key: { code: "TESTCO" }', 'keyPattern': {'code': 1}, 'keyValue': {'code': 'TESTCO'}}</error></testcase><testcase classname="tests.test_vinayaka_backend.TestTasks" name="test_create_task" time="0.000"><error message="failed on setup with &quot;pymongo.errors.DuplicateKeyError: E11000 duplicate key error collection: test_database.committees index: code_1 dup key: { code: &quot;TESTCO&quot; }, full error: {'index': 0, 'code': 11000, 'errmsg': 'E11000 duplicate key error collection: test_database.committees index: code_1 dup key: { code: &quot;TESTCO&quot; }', 'keyPattern': {'code': 1}, 'keyValue': {'code': 'TESTCO'}}&quot;">tests/conftest.py:90: in president
    user = _make_user(mongo_db, "President", "president")
           ^^^^^^^^^^^^^^^^^^^^^^^^^^^^^^^^^^^^^^^^^^^^^^
tests/conftest.py:67: in _make_user
    committee_id = _ensure_test_committee(mongo_db)
                   ^^^^^^^^^^^^^^^^^^^^^^^^^^^^^^^^
tests/conftest.py:51: in _ensure_test_committee
    mongo_db.committees.insert_one({
/root/.venv/lib/python3.11/site-packages/pymongo/collection.py:669: in insert_one
    self._insert_one(
/root/.venv/lib/python3.11/site-packages/pymongo/collection.py:609: in _insert_one
    self.__database.client._retryable_write(acknowledged, _insert_command, session)
/root/.venv/lib/python3.11/site-packages/pymongo/mongo_client.py:1523: in _retryable_write
    return self._retry_with_session(retryable, func, s, bulk)
           ^^^^^^^^^^^^^^^^^^^^^^^^^^^^^^^^^^^^^^^^^^^^^^^^^^
/root/.venv/lib/python3.11/site-packages/pymongo/mongo_client.py:1421: in _retry_with_session
    return self._retry_internal(
/root/.venv/lib/python3.11/site-packages/pymongo/_csot.py:107: in csot_wrapper
    return func(self, *args, **kwargs)
           ^^^^^^^^^^^^^^^^^^^^^^^^^^^
/root/.venv/lib/python3.11/site-packages/pymongo/mongo_client.py:1462: in _retry_internal
    ).run()
      ^^^^^
/root/.venv/lib/python3.11/site-packages/pymongo/mongo_client.py:2315: in run
    return self._read() if self._is_read else self._write()
                                              ^^^^^^^^^^^^^
/root/.venv/lib/python3.11/site-packages/pymongo/mongo_client.py:2423: in _write
    return self._func(self._session, conn, self._retryable)  # type: ignore
           ^^^^^^^^^^^^^^^^^^^^^^^^^^^^^^^^^^^^^^^^^^^^^^^^
/root/.venv/lib/python3.11/site-packages/pymongo/collection.py:607: in _insert_command
    _check_write_command_response(result)
/root/.venv/lib/python3.11/site-packages/pymongo/helpers.py:266: in _check_write_command_response
    _raise_last_write_error(write_errors)
/root/.venv/lib/python3.11/site-packages/pymongo/helpers.py:238: in _raise_last_write_error
    raise DuplicateKeyError(error.get("errmsg"), 11000, error)
E   pymongo.errors.DuplicateKeyError: E11000 duplicate key error collection: test_database.committees index: code_1 dup key: { code: "TESTCO" }, full error: {'index': 0, 'code': 11000, 'errmsg': 'E11000 duplicate key error collection: test_database.committees index: code_1 dup key: { code: "TESTCO" }', 'keyPattern': {'code': 1}, 'keyValue': {'code': 'TESTCO'}}</error></testcase><testcase classname="tests.test_vinayaka_v2.TestGallery" name="test_delete_any_as_president" time="0.141" /><testcase classname="tests.test_vinayaka_backend.TestTasks" name="test_patch_task" time="0.000"><error message="failed on setup with &quot;pymongo.errors.DuplicateKeyError: E11000 duplicate key error collection: test_database.committees index: code_1 dup key: { code: &quot;TESTCO&quot; }, full error: {'index': 0, 'code': 11000, 'errmsg': 'E11000 duplicate key error collection: test_database.committees index: code_1 dup key: { code: &quot;TESTCO&quot; }', 'keyPattern': {'code': 1}, 'keyValue': {'code': 'TESTCO'}}&quot;">tests/conftest.py:90: in president
    user = _make_user(mongo_db, "President", "president")
           ^^^^^^^^^^^^^^^^^^^^^^^^^^^^^^^^^^^^^^^^^^^^^^
tests/conftest.py:67: in _make_user
    committee_id = _ensure_test_committee(mongo_db)
                   ^^^^^^^^^^^^^^^^^^^^^^^^^^^^^^^^
tests/conftest.py:51: in _ensure_test_committee
    mongo_db.committees.insert_one({
/root/.venv/lib/python3.11/site-packages/pymongo/collection.py:669: in insert_one
    self._insert_one(
/root/.venv/lib/python3.11/site-packages/pymongo/collection.py:609: in _insert_one
    self.__database.client._retryable_write(acknowledged, _insert_command, session)
/root/.venv/lib/python3.11/site-packages/pymongo/mongo_client.py:1523: in _retryable_write
    return self._retry_with_session(retryable, func, s, bulk)
           ^^^^^^^^^^^^^^^^^^^^^^^^^^^^^^^^^^^^^^^^^^^^^^^^^^
/root/.venv/lib/python3.11/site-packages/pymongo/mongo_client.py:1421: in _retry_with_session
    return self._retry_internal(
/root/.venv/lib/python3.11/site-packages/pymongo/_csot.py:107: in csot_wrapper
    return func(self, *args, **kwargs)
           ^^^^^^^^^^^^^^^^^^^^^^^^^^^
/root/.venv/lib/python3.11/site-packages/pymongo/mongo_client.py:1462: in _retry_internal
    ).run()
      ^^^^^
/root/.venv/lib/python3.11/site-packages/pymongo/mongo_client.py:2315: in run
    return self._read() if self._is_read else self._write()
                                              ^^^^^^^^^^^^^
/root/.venv/lib/python3.11/site-packages/pymongo/mongo_client.py:2423: in _write
    return self._func(self._session, conn, self._retryable)  # type: ignore
           ^^^^^^^^^^^^^^^^^^^^^^^^^^^^^^^^^^^^^^^^^^^^^^^^
/root/.venv/lib/python3.11/site-packages/pymongo/collection.py:607: in _insert_command
    _check_write_command_response(result)
/root/.venv/lib/python3.11/site-packages/pymongo/helpers.py:266: in _check_write_command_response
    _raise_last_write_error(write_errors)
/root/.venv/lib/python3.11/site-packages/pymongo/helpers.py:238: in _raise_last_write_error
    raise DuplicateKeyError(error.get("errmsg"), 11000, error)
E   pymongo.errors.DuplicateKeyError: E11000 duplicate key error collection: test_database.committees index: code_1 dup key: { code: "TESTCO" }, full error: {'index': 0, 'code': 11000, 'errmsg': 'E11000 duplicate key error collection: test_database.committees index: code_1 dup key: { code: "TESTCO" }', 'keyPattern': {'code': 1}, 'keyValue': {'code': 'TESTCO'}}</error></testcase><testcase classname="tests.test_vinayaka_backend.TestTasks" name="test_add_comment" time="0.000"><error message="failed on setup with &quot;pymongo.errors.DuplicateKeyError: E11000 duplicate key error collection: test_database.committees index: code_1 dup key: { code: &quot;TESTCO&quot; }, full error: {'index': 0, 'code': 11000, 'errmsg': 'E11000 duplicate key error collection: test_database.committees index: code_1 dup key: { code: &quot;TESTCO&quot; }', 'keyPattern': {'code': 1}, 'keyValue': {'code': 'TESTCO'}}&quot;">tests/conftest.py:90: in president
    user = _make_user(mongo_db, "President", "president")
           ^^^^^^^^^^^^^^^^^^^^^^^^^^^^^^^^^^^^^^^^^^^^^^
tests/conftest.py:67: in _make_user
    committee_id = _ensure_test_committee(mongo_db)
                   ^^^^^^^^^^^^^^^^^^^^^^^^^^^^^^^^
tests/conftest.py:51: in _ensure_test_committee
    mongo_db.committees.insert_one({
/root/.venv/lib/python3.11/site-packages/pymongo/collection.py:669: in insert_one
    self._insert_one(
/root/.venv/lib/python3.11/site-packages/pymongo/collection.py:609: in _insert_one
    self.__database.client._retryable_write(acknowledged, _insert_command, session)
/root/.venv/lib/python3.11/site-packages/pymongo/mongo_client.py:1523: in _retryable_write
    return self._retry_with_session(retryable, func, s, bulk)
           ^^^^^^^^^^^^^^^^^^^^^^^^^^^^^^^^^^^^^^^^^^^^^^^^^^
/root/.venv/lib/python3.11/site-packages/pymongo/mongo_client.py:1421: in _retry_with_session
    return self._retry_internal(
/root/.venv/lib/python3.11/site-packages/pymongo/_csot.py:107: in csot_wrapper
    return func(self, *args, **kwargs)
           ^^^^^^^^^^^^^^^^^^^^^^^^^^^
/root/.venv/lib/python3.11/site-packages/pymongo/mongo_client.py:1462: in _retry_internal
    ).run()
      ^^^^^
/root/.venv/lib/python3.11/site-packages/pymongo/mongo_client.py:2315: in run
    return self._read() if self._is_read else self._write()
                                              ^^^^^^^^^^^^^
/root/.venv/lib/python3.11/site-packages/pymongo/mongo_client.py:2423: in _write
    return self._func(self._session, conn, self._retryable)  # type: ignore
           ^^^^^^^^^^^^^^^^^^^^^^^^^^^^^^^^^^^^^^^^^^^^^^^^
/root/.venv/lib/python3.11/site-packages/pymongo/collection.py:607: in _insert_command
    _check_write_command_response(result)
/root/.venv/lib/python3.11/site-packages/pymongo/helpers.py:266: in _check_write_command_response
    _raise_last_write_error(write_errors)
/root/.venv/lib/python3.11/site-packages/pymongo/helpers.py:238: in _raise_last_write_error
    raise DuplicateKeyError(error.get("errmsg"), 11000, error)
E   pymongo.errors.DuplicateKeyError: E11000 duplicate key error collection: test_database.committees index: code_1 dup key: { code: "TESTCO" }, full error: {'index': 0, 'code': 11000, 'errmsg': 'E11000 duplicate key error collection: test_database.committees index: code_1 dup key: { code: "TESTCO" }', 'keyPattern': {'code': 1}, 'keyValue': {'code': 'TESTCO'}}</error></testcase><testcase classname="tests.test_donations_expenses_v4.TestDonationPaidAmount" name="test_post_without_paid_amount_defaults_full" time="0.075" /><testcase classname="tests.test_vinayaka_backend.TestTasks" name="test_delete_task" time="0.000"><error message="failed on setup with &quot;pymongo.errors.DuplicateKeyError: E11000 duplicate key error collection: test_database.committees index: code_1 dup key: { code: &quot;TESTCO&quot; }, full error: {'index': 0, 'code': 11000, 'errmsg': 'E11000 duplicate key error collection: test_database.committees index: code_1 dup key: { code: &quot;TESTCO&quot; }', 'keyPattern': {'code': 1}, 'keyValue': {'code': 'TESTCO'}}&quot;">tests/conftest.py:90: in president
    user = _make_user(mongo_db, "President", "president")
           ^^^^^^^^^^^^^^^^^^^^^^^^^^^^^^^^^^^^^^^^^^^^^^
tests/conftest.py:67: in _make_user
    committee_id = _ensure_test_committee(mongo_db)
                   ^^^^^^^^^^^^^^^^^^^^^^^^^^^^^^^^
tests/conftest.py:51: in _ensure_test_committee
    mongo_db.committees.insert_one({
/root/.venv/lib/python3.11/site-packages/pymongo/collection.py:669: in insert_one
    self._insert_one(
/root/.venv/lib/python3.11/site-packages/pymongo/collection.py:609: in _insert_one
    self.__database.client._retryable_write(acknowledged, _insert_command, session)
/root/.venv/lib/python3.11/site-packages/pymongo/mongo_client.py:1523: in _retryable_write
    return self._retry_with_session(retryable, func, s, bulk)
           ^^^^^^^^^^^^^^^^^^^^^^^^^^^^^^^^^^^^^^^^^^^^^^^^^^
/root/.venv/lib/python3.11/site-packages/pymongo/mongo_client.py:1421: in _retry_with_session
    return self._retry_internal(
/root/.venv/lib/python3.11/site-packages/pymongo/_csot.py:107: in csot_wrapper
    return func(self, *args, **kwargs)
           ^^^^^^^^^^^^^^^^^^^^^^^^^^^
/root/.venv/lib/python3.11/site-packages/pymongo/mongo_client.py:1462: in _retry_internal
    ).run()
      ^^^^^
/root/.venv/lib/python3.11/site-packages/pymongo/mongo_client.py:2315: in run
    return self._read() if self._is_read else self._write()
                                              ^^^^^^^^^^^^^
/root/.venv/lib/python3.11/site-packages/pymongo/mongo_client.py:2423: in _write
    return self._func(self._session, conn, self._retryable)  # type: ignore
           ^^^^^^^^^^^^^^^^^^^^^^^^^^^^^^^^^^^^^^^^^^^^^^^^
/root/.venv/lib/python3.11/site-packages/pymongo/collection.py:607: in _insert_command
    _check_write_command_response(result)
/root/.venv/lib/python3.11/site-packages/pymongo/helpers.py:266: in _check_write_command_response
    _raise_last_write_error(write_errors)
/root/.venv/lib/python3.11/site-packages/pymongo/helpers.py:238: in _raise_last_write_error
    raise DuplicateKeyError(error.get("errmsg"), 11000, error)
E   pymongo.errors.DuplicateKeyError: E11000 duplicate key error collection: test_database.committees index: code_1 dup key: { code: "TESTCO" }, full error: {'index': 0, 'code': 11000, 'errmsg': 'E11000 duplicate key error collection: test_database.committees index: code_1 dup key: { code: "TESTCO" }', 'keyPattern': {'code': 1}, 'keyValue': {'code': 'TESTCO'}}</error></testcase><testcase classname="tests.test_donations_expenses_v4.TestDonationPaidAmount" name="test_post_with_partial_paid" time="0.075" /><testcase classname="tests.test_donations_expenses_v4.TestDonationPatch" name="test_patch_completes_partial" time="0.000"><error message="failed on setup with &quot;pymongo.errors.DuplicateKeyError: E11000 duplicate key error collection: test_database.committees index: code_1 dup key: { code: &quot;TESTCO&quot; }, full error: {'index': 0, 'code': 11000, 'errmsg': 'E11000 duplicate key error collection: test_database.committees index: code_1 dup key: { code: &quot;TESTCO&quot; }', 'keyPattern': {'code': 1}, 'keyValue': {'code': 'TESTCO'}}&quot;">tests/conftest.py:90: in president
    user = _make_user(mongo_db, "President", "president")
           ^^^^^^^^^^^^^^^^^^^^^^^^^^^^^^^^^^^^^^^^^^^^^^
tests/conftest.py:67: in _make_user
    committee_id = _ensure_test_committee(mongo_db)
                   ^^^^^^^^^^^^^^^^^^^^^^^^^^^^^^^^
tests/conftest.py:51: in _ensure_test_committee
    mongo_db.committees.insert_one({
/root/.venv/lib/python3.11/site-packages/pymongo/collection.py:669: in insert_one
    self._insert_one(
/root/.venv/lib/python3.11/site-packages/pymongo/collection.py:609: in _insert_one
    self.__database.client._retryable_write(acknowledged, _insert_command, session)
/root/.venv/lib/python3.11/site-packages/pymongo/mongo_client.py:1523: in _retryable_write
    return self._retry_with_session(retryable, func, s, bulk)
           ^^^^^^^^^^^^^^^^^^^^^^^^^^^^^^^^^^^^^^^^^^^^^^^^^^
/root/.venv/lib/python3.11/site-packages/pymongo/mongo_client.py:1421: in _retry_with_session
    return self._retry_internal(
/root/.venv/lib/python3.11/site-packages/pymongo/_csot.py:107: in csot_wrapper
    return func(self, *args, **kwargs)
           ^^^^^^^^^^^^^^^^^^^^^^^^^^^
/root/.venv/lib/python3.11/site-packages/pymongo/mongo_client.py:1462: in _retry_internal
    ).run()
      ^^^^^
/root/.venv/lib/python3.11/site-packages/pymongo/mongo_client.py:2315: in run
    return self._read() if self._is_read else self._write()
                                              ^^^^^^^^^^^^^
/root/.venv/lib/python3.11/site-packages/pymongo/mongo_client.py:2423: in _write
    return self._func(self._session, conn, self._retryable)  # type: ignore
           ^^^^^^^^^^^^^^^^^^^^^^^^^^^^^^^^^^^^^^^^^^^^^^^^
/root/.venv/lib/python3.11/site-packages/pymongo/collection.py:607: in _insert_command
    _check_write_command_response(result)
/root/.venv/lib/python3.11/site-packages/pymongo/helpers.py:266: in _check_write_command_response
    _raise_last_write_error(write_errors)
/root/.venv/lib/python3.11/site-packages/pymongo/helpers.py:238: in _raise_last_write_error
    raise DuplicateKeyError(error.get("errmsg"), 11000, error)
E   pymongo.errors.DuplicateKeyError: E11000 duplicate key error collection: test_database.committees index: code_1 dup key: { code: "TESTCO" }, full error: {'index': 0, 'code': 11000, 'errmsg': 'E11000 duplicate key error collection: test_database.committees index: code_1 dup key: { code: "TESTCO" }', 'keyPattern': {'code': 1}, 'keyValue': {'code': 'TESTCO'}}</error></testcase><testcase classname="tests.test_donations_expenses_v4.TestDonationPaidAmount" name="test_post_clamps_paid_over_amount" time="0.082" /><testcase classname="tests.test_donations_expenses_v4.TestDonationPatch" name="test_patch_amount_and_paid" time="0.000"><error message="failed on setup with &quot;pymongo.errors.DuplicateKeyError: E11000 duplicate key error collection: test_database.committees index: code_1 dup key: { code: &quot;TESTCO&quot; }, full error: {'index': 0, 'code': 11000, 'errmsg': 'E11000 duplicate key error collection: test_database.committees index: code_1 dup key: { code: &quot;TESTCO&quot; }', 'keyPattern': {'code': 1}, 'keyValue': {'code': 'TESTCO'}}&quot;">tests/conftest.py:90: in president
    user = _make_user(mongo_db, "President", "president")
           ^^^^^^^^^^^^^^^^^^^^^^^^^^^^^^^^^^^^^^^^^^^^^^
tests/conftest.py:67: in _make_user
    committee_id = _ensure_test_committee(mongo_db)
                   ^^^^^^^^^^^^^^^^^^^^^^^^^^^^^^^^
tests/conftest.py:51: in _ensure_test_committee
    mongo_db.committees.insert_one({
/root/.venv/lib/python3.11/site-packages/pymongo/collection.py:669: in insert_one
    self._insert_one(
/root/.venv/lib/python3.11/site-packages/pymongo/collection.py:609: in _insert_one
    self.__database.client._retryable_write(acknowledged, _insert_command, session)
/root/.venv/lib/python3.11/site-packages/pymongo/mongo_client.py:1523: in _retryable_write
    return self._retry_with_session(retryable, func, s, bulk)
           ^^^^^^^^^^^^^^^^^^^^^^^^^^^^^^^^^^^^^^^^^^^^^^^^^^
/root/.venv/lib/python3.11/site-packages/pymongo/mongo_client.py:1421: in _retry_with_session
    return self._retry_internal(
/root/.venv/lib/python3.11/site-packages/pymongo/_csot.py:107: in csot_wrapper
    return func(self, *args, **kwargs)
           ^^^^^^^^^^^^^^^^^^^^^^^^^^^
/root/.venv/lib/python3.11/site-packages/pymongo/mongo_client.py:1462: in _retry_internal
    ).run()
      ^^^^^
/root/.venv/lib/python3.11/site-packages/pymongo/mongo_client.py:2315: in run
    return self._read() if self._is_read else self._write()
                                              ^^^^^^^^^^^^^
/root/.venv/lib/python3.11/site-packages/pymongo/mongo_client.py:2423: in _write
    return self._func(self._session, conn, self._retryable)  # type: ignore
           ^^^^^^^^^^^^^^^^^^^^^^^^^^^^^^^^^^^^^^^^^^^^^^^^
/root/.venv/lib/python3.11/site-packages/pymongo/collection.py:607: in _insert_command
    _check_write_command_response(result)
/root/.venv/lib/python3.11/site-packages/pymongo/helpers.py:266: in _check_write_command_response
    _raise_last_write_error(write_errors)
/root/.venv/lib/python3.11/site-packages/pymongo/helpers.py:238: in _raise_last_write_error
    raise DuplicateKeyError(error.get("errmsg"), 11000, error)
E   pymongo.errors.DuplicateKeyError: E11000 duplicate key error collection: test_database.committees index: code_1 dup key: { code: "TESTCO" }, full error: {'index': 0, 'code': 11000, 'errmsg': 'E11000 duplicate key error collection: test_database.committees index: code_1 dup key: { code: "TESTCO" }', 'keyPattern': {'code': 1}, 'keyValue': {'code': 'TESTCO'}}</error></testcase><testcase classname="tests.test_donations_expenses_v4.TestDonationPaidAmount" name="test_post_clamps_negative_paid_to_zero" time="0.073" /><testcase classname="tests.test_donations_expenses_v4.TestDonationPatch" name="test_patch_no_fields_returns_400" time="0.000"><error message="failed on setup with &quot;pymongo.errors.DuplicateKeyError: E11000 duplicate key error collection: test_database.committees index: code_1 dup key: { code: &quot;TESTCO&quot; }, full error: {'index': 0, 'code': 11000, 'errmsg': 'E11000 duplicate key error collection: test_database.committees index: code_1 dup key: { code: &quot;TESTCO&quot; }', 'keyPattern': {'code': 1}, 'keyValue': {'code': 'TESTCO'}}&quot;">tests/conftest.py:90: in president
    user = _make_user(mongo_db, "President", "president")
           ^^^^^^^^^^^^^^^^^^^^^^^^^^^^^^^^^^^^^^^^^^^^^^
tests/conftest.py:67: in _make_user
    committee_id = _ensure_test_committee(mongo_db)
                   ^^^^^^^^^^^^^^^^^^^^^^^^^^^^^^^^
tests/conftest.py:51: in _ensure_test_committee
    mongo_db.committees.insert_one({
/root/.venv/lib/python3.11/site-packages/pymongo/collection.py:669: in insert_one
    self._insert_one(
/root/.venv/lib/python3.11/site-packages/pymongo/collection.py:609: in _insert_one
    self.__database.client._retryable_write(acknowledged, _insert_command, session)
/root/.venv/lib/python3.11/site-packages/pymongo/mongo_client.py:1523: in _retryable_write
    return self._retry_with_session(retryable, func, s, bulk)
           ^^^^^^^^^^^^^^^^^^^^^^^^^^^^^^^^^^^^^^^^^^^^^^^^^^
/root/.venv/lib/python3.11/site-packages/pymongo/mongo_client.py:1421: in _retry_with_session
    return self._retry_internal(
/root/.venv/lib/python3.11/site-packages/pymongo/_csot.py:107: in csot_wrapper
    return func(self, *args, **kwargs)
           ^^^^^^^^^^^^^^^^^^^^^^^^^^^
/root/.venv/lib/python3.11/site-packages/pymongo/mongo_client.py:1462: in _retry_internal
    ).run()
      ^^^^^
/root/.venv/lib/python3.11/site-packages/pymongo/mongo_client.py:2315: in run
    return self._read() if self._is_read else self._write()
                                              ^^^^^^^^^^^^^
/root/.venv/lib/python3.11/site-packages/pymongo/mongo_client.py:2423: in _write
    return self._func(self._session, conn, self._retryable)  # type: ignore
           ^^^^^^^^^^^^^^^^^^^^^^^^^^^^^^^^^^^^^^^^^^^^^^^^
/root/.venv/lib/python3.11/site-packages/pymongo/collection.py:607: in _insert_command
    _check_write_command_response(result)
/root/.venv/lib/python3.11/site-packages/pymongo/helpers.py:266: in _check_write_command_response
    _raise_last_write_error(write_errors)
/root/.venv/lib/python3.11/site-packages/pymongo/helpers.py:238: in _raise_last_write_error
    raise DuplicateKeyError(error.get("errmsg"), 11000, error)
E   pymongo.errors.DuplicateKeyError: E11000 duplicate key error collection: test_database.committees index: code_1 dup key: { code: "TESTCO" }, full error: {'index': 0, 'code': 11000, 'errmsg': 'E11000 duplicate key error collection: test_database.committees index: code_1 dup key: { code: "TESTCO" }', 'keyPattern': {'code': 1}, 'keyValue': {'code': 'TESTCO'}}</error></testcase><testcase classname="tests.test_donations_expenses_v4.TestExpensePatch" name="test_edit_expense_as_regular_member" time="0.110" /><testcase classname="tests.test_donations_expenses_v4.TestDonationPatch" name="test_patch_missing_id_returns_404" time="0.000"><error message="failed on setup with &quot;pymongo.errors.DuplicateKeyError: E11000 duplicate key error collection: test_database.committees index: code_1 dup key: { code: &quot;TESTCO&quot; }, full error: {'index': 0, 'code': 11000, 'errmsg': 'E11000 duplicate key error collection: test_database.committees index: code_1 dup key: { code: &quot;TESTCO&quot; }', 'keyPattern': {'code': 1}, 'keyValue': {'code': 'TESTCO'}}&quot;">tests/conftest.py:90: in president
    user = _make_user(mongo_db, "President", "president")
           ^^^^^^^^^^^^^^^^^^^^^^^^^^^^^^^^^^^^^^^^^^^^^^
tests/conftest.py:67: in _make_user
    committee_id = _ensure_test_committee(mongo_db)
                   ^^^^^^^^^^^^^^^^^^^^^^^^^^^^^^^^
tests/conftest.py:51: in _ensure_test_committee
    mongo_db.committees.insert_one({
/root/.venv/lib/python3.11/site-packages/pymongo/collection.py:669: in insert_one
    self._insert_one(
/root/.venv/lib/python3.11/site-packages/pymongo/collection.py:609: in _insert_one
    self.__database.client._retryable_write(acknowledged, _insert_command, session)
/root/.venv/lib/python3.11/site-packages/pymongo/mongo_client.py:1523: in _retryable_write
    return self._retry_with_session(retryable, func, s, bulk)
           ^^^^^^^^^^^^^^^^^^^^^^^^^^^^^^^^^^^^^^^^^^^^^^^^^^
/root/.venv/lib/python3.11/site-packages/pymongo/mongo_client.py:1421: in _retry_with_session
    return self._retry_internal(
/root/.venv/lib/python3.11/site-packages/pymongo/_csot.py:107: in csot_wrapper
    return func(self, *args, **kwargs)
           ^^^^^^^^^^^^^^^^^^^^^^^^^^^
/root/.venv/lib/python3.11/site-packages/pymongo/mongo_client.py:1462: in _retry_internal
    ).run()
      ^^^^^
/root/.venv/lib/python3.11/site-packages/pymongo/mongo_client.py:2315: in run
    return self._read() if self._is_read else self._write()
                                              ^^^^^^^^^^^^^
/root/.venv/lib/python3.11/site-packages/pymongo/mongo_client.py:2423: in _write
    return self._func(self._session, conn, self._retryable)  # type: ignore
           ^^^^^^^^^^^^^^^^^^^^^^^^^^^^^^^^^^^^^^^^^^^^^^^^
/root/.venv/lib/python3.11/site-packages/pymongo/collection.py:607: in _insert_command
    _check_write_command_response(result)
/root/.venv/lib/python3.11/site-packages/pymongo/helpers.py:266: in _check_write_command_response
    _raise_last_write_error(write_errors)
/root/.venv/lib/python3.11/site-packages/pymongo/helpers.py:238: in _raise_last_write_error
    raise DuplicateKeyError(error.get("errmsg"), 11000, error)
E   pymongo.errors.DuplicateKeyError: E11000 duplicate key error collection: test_database.committees index: code_1 dup key: { code: "TESTCO" }, full error: {'index': 0, 'code': 11000, 'errmsg': 'E11000 duplicate key error collection: test_database.committees index: code_1 dup key: { code: "TESTCO" }', 'keyPattern': {'code': 1}, 'keyValue': {'code': 'TESTCO'}}</error></testcase><testcase classname="tests.test_vinayaka_backend.TestAuth" name="test_invalid_session_id" time="0.265" /><testcase classname="tests.test_donations_expenses_v4.TestExpensePatch" name="test_edit_expense_no_fields_400" time="0.136" /><testcase classname="tests.test_donations_expenses_v4.TestExpensePatch" name="test_edit_expense_missing_id_404" time="0.070" /><testcase classname="tests.test_vinayaka_backend.TestAuth" name="test_me_without_token" time="0.065" /><testcase classname="tests.test_donations_expenses_v4.TestExpensePatch" name="test_approve_still_rbac_gated" time="0.178" /><testcase classname="tests.test_vinayaka_backend.TestAuth" name="test_me_with_invalid_token" time="0.072" /><testcase classname="tests.test_vinayaka_backend.TestMembers" name="test_list_members" time="0.075" /><testcase classname="tests.test_vinayaka_backend.TestAuth" name="test_me_with_valid_token" time="0.000"><error message="failed on setup with &quot;pymongo.errors.DuplicateKeyError: E11000 duplicate key error collection: test_database.committees index: code_1 dup key: { code: &quot;TESTCO&quot; }, full error: {'index': 0, 'code': 11000, 'errmsg': 'E11000 duplicate key error collection: test_database.committees index: code_1 dup key: { code: &quot;TESTCO&quot; }', 'keyPattern': {'code': 1}, 'keyValue': {'code': 'TESTCO'}}&quot;">tests/conftest.py:90: in president
    user = _make_user(mongo_db, "President", "president")
           ^^^^^^^^^^^^^^^^^^^^^^^^^^^^^^^^^^^^^^^^^^^^^^
tests/conftest.py:67: in _make_user
    committee_id = _ensure_test_committee(mongo_db)
                   ^^^^^^^^^^^^^^^^^^^^^^^^^^^^^^^^
tests/conftest.py:51: in _ensure_test_committee
    mongo_db.committees.insert_one({
/root/.venv/lib/python3.11/site-packages/pymongo/collection.py:669: in insert_one
    self._insert_one(
/root/.venv/lib/python3.11/site-packages/pymongo/collection.py:609: in _insert_one
    self.__database.client._retryable_write(acknowledged, _insert_command, session)
/root/.venv/lib/python3.11/site-packages/pymongo/mongo_client.py:1523: in _retryable_write
    return self._retry_with_session(retryable, func, s, bulk)
           ^^^^^^^^^^^^^^^^^^^^^^^^^^^^^^^^^^^^^^^^^^^^^^^^^^
/root/.venv/lib/python3.11/site-packages/pymongo/mongo_client.py:1421: in _retry_with_session
    return self._retry_internal(
/root/.venv/lib/python3.11/site-packages/pymongo/_csot.py:107: in csot_wrapper
    return func(self, *args, **kwargs)
           ^^^^^^^^^^^^^^^^^^^^^^^^^^^
/root/.venv/lib/python3.11/site-packages/pymongo/mongo_client.py:1462: in _retry_internal
    ).run()
      ^^^^^
/root/.venv/lib/python3.11/site-packages/pymongo/mongo_client.py:2315: in run
    return self._read() if self._is_read else self._write()
                                              ^^^^^^^^^^^^^
/root/.venv/lib/python3.11/site-packages/pymongo/mongo_client.py:2423: in _write
    return self._func(self._session, conn, self._retryable)  # type: ignore
           ^^^^^^^^^^^^^^^^^^^^^^^^^^^^^^^^^^^^^^^^^^^^^^^^
/root/.venv/lib/python3.11/site-packages/pymongo/collection.py:607: in _insert_command
    _check_write_command_response(result)
/root/.venv/lib/python3.11/site-packages/pymongo/helpers.py:266: in _check_write_command_response
    _raise_last_write_error(write_errors)
/root/.venv/lib/python3.11/site-packages/pymongo/helpers.py:238: in _raise_last_write_error
    raise DuplicateKeyError(error.get("errmsg"), 11000, error)
E   pymongo.errors.DuplicateKeyError: E11000 duplicate key error collection: test_database.committees index: code_1 dup key: { code: "TESTCO" }, full error: {'index': 0, 'code': 11000, 'errmsg': 'E11000 duplicate key error collection: test_database.committees index: code_1 dup key: { code: "TESTCO" }', 'keyPattern': {'code': 1}, 'keyValue': {'code': 'TESTCO'}}</error></testcase><testcase classname="tests.test_vinayaka_backend.TestMembers" name="test_role_update_forbidden_for_regular" time="0.081" /><testcase classname="tests.test_vinayaka_v2.TestUploadsAndFiles" name="test_upload_png" time="0.000"><error message="failed on setup with &quot;pymongo.errors.DuplicateKeyError: E11000 duplicate key error collection: test_database.committees index: code_1 dup key: { code: &quot;TESTCO&quot; }, full error: {'index': 0, 'code': 11000, 'errmsg': 'E11000 duplicate key error collection: test_database.committees index: code_1 dup key: { code: &quot;TESTCO&quot; }', 'keyPattern': {'code': 1}, 'keyValue': {'code': 'TESTCO'}}&quot;">tests/conftest.py:90: in president
    user = _make_user(mongo_db, "President", "president")
           ^^^^^^^^^^^^^^^^^^^^^^^^^^^^^^^^^^^^^^^^^^^^^^
tests/conftest.py:67: in _make_user
    committee_id = _ensure_test_committee(mongo_db)
                   ^^^^^^^^^^^^^^^^^^^^^^^^^^^^^^^^
tests/conftest.py:51: in _ensure_test_committee
    mongo_db.committees.insert_one({
/root/.venv/lib/python3.11/site-packages/pymongo/collection.py:669: in insert_one
    self._insert_one(
/root/.venv/lib/python3.11/site-packages/pymongo/collection.py:609: in _insert_one
    self.__database.client._retryable_write(acknowledged, _insert_command, session)
/root/.venv/lib/python3.11/site-packages/pymongo/mongo_client.py:1523: in _retryable_write
    return self._retry_with_session(retryable, func, s, bulk)
           ^^^^^^^^^^^^^^^^^^^^^^^^^^^^^^^^^^^^^^^^^^^^^^^^^^
/root/.venv/lib/python3.11/site-packages/pymongo/mongo_client.py:1421: in _retry_with_session
    return self._retry_internal(
/root/.venv/lib/python3.11/site-packages/pymongo/_csot.py:107: in csot_wrapper
    return func(self, *args, **kwargs)
           ^^^^^^^^^^^^^^^^^^^^^^^^^^^
/root/.venv/lib/python3.11/site-packages/pymongo/mongo_client.py:1462: in _retry_internal
    ).run()
      ^^^^^
/root/.venv/lib/python3.11/site-packages/pymongo/mongo_client.py:2315: in run
    return self._read() if self._is_read else self._write()
                                              ^^^^^^^^^^^^^
/root/.venv/lib/python3.11/site-packages/pymongo/mongo_client.py:2423: in _write
    return self._func(self._session, conn, self._retryable)  # type: ignore
           ^^^^^^^^^^^^^^^^^^^^^^^^^^^^^^^^^^^^^^^^^^^^^^^^
/root/.venv/lib/python3.11/site-packages/pymongo/collection.py:607: in _insert_command
    _check_write_command_response(result)
/root/.venv/lib/python3.11/site-packages/pymongo/helpers.py:266: in _check_write_command_response
    _raise_last_write_error(write_errors)
/root/.venv/lib/python3.11/site-packages/pymongo/helpers.py:238: in _raise_last_write_error
    raise DuplicateKeyError(error.get("errmsg"), 11000, error)
E   pymongo.errors.DuplicateKeyError: E11000 duplicate key error collection: test_database.committees index: code_1 dup key: { code: "TESTCO" }, full error: {'index': 0, 'code': 11000, 'errmsg': 'E11000 duplicate key error collection: test_database.committees index: code_1 dup key: { code: "TESTCO" }', 'keyPattern': {'code': 1}, 'keyValue': {'code': 'TESTCO'}}</error></testcase><testcase classname="tests.test_vinayaka_backend.TestMembers" name="test_role_update_as_president" time="0.075" /><testcase classname="tests.test_vinayaka_v2.TestUploadsAndFiles" name="test_download_with_valid_token" time="0.000"><error message="failed on setup with &quot;pymongo.errors.DuplicateKeyError: E11000 duplicate key error collection: test_database.committees index: code_1 dup key: { code: &quot;TESTCO&quot; }, full error: {'index': 0, 'code': 11000, 'errmsg': 'E11000 duplicate key error collection: test_database.committees index: code_1 dup key: { code: &quot;TESTCO&quot; }', 'keyPattern': {'code': 1}, 'keyValue': {'code': 'TESTCO'}}&quot;">tests/conftest.py:90: in president
    user = _make_user(mongo_db, "President", "president")
           ^^^^^^^^^^^^^^^^^^^^^^^^^^^^^^^^^^^^^^^^^^^^^^
tests/conftest.py:67: in _make_user
    committee_id = _ensure_test_committee(mongo_db)
                   ^^^^^^^^^^^^^^^^^^^^^^^^^^^^^^^^
tests/conftest.py:51: in _ensure_test_committee
    mongo_db.committees.insert_one({
/root/.venv/lib/python3.11/site-packages/pymongo/collection.py:669: in insert_one
    self._insert_one(
/root/.venv/lib/python3.11/site-packages/pymongo/collection.py:609: in _insert_one
    self.__database.client._retryable_write(acknowledged, _insert_command, session)
/root/.venv/lib/python3.11/site-packages/pymongo/mongo_client.py:1523: in _retryable_write
    return self._retry_with_session(retryable, func, s, bulk)
           ^^^^^^^^^^^^^^^^^^^^^^^^^^^^^^^^^^^^^^^^^^^^^^^^^^
/root/.venv/lib/python3.11/site-packages/pymongo/mongo_client.py:1421: in _retry_with_session
    return self._retry_internal(
/root/.venv/lib/python3.11/site-packages/pymongo/_csot.py:107: in csot_wrapper
    return func(self, *args, **kwargs)
           ^^^^^^^^^^^^^^^^^^^^^^^^^^^
/root/.venv/lib/python3.11/site-packages/pymongo/mongo_client.py:1462: in _retry_internal
    ).run()
      ^^^^^
/root/.venv/lib/python3.11/site-packages/pymongo/mongo_client.py:2315: in run
    return self._read() if self._is_read else self._write()
                                              ^^^^^^^^^^^^^
/root/.venv/lib/python3.11/site-packages/pymongo/mongo_client.py:2423: in _write
    return self._func(self._session, conn, self._retryable)  # type: ignore
           ^^^^^^^^^^^^^^^^^^^^^^^^^^^^^^^^^^^^^^^^^^^^^^^^
/root/.venv/lib/python3.11/site-packages/pymongo/collection.py:607: in _insert_command
    _check_write_command_response(result)
/root/.venv/lib/python3.11/site-packages/pymongo/helpers.py:266: in _check_write_command_response
    _raise_last_write_error(write_errors)
/root/.venv/lib/python3.11/site-packages/pymongo/helpers.py:238: in _raise_last_write_error
    raise DuplicateKeyError(error.get("errmsg"), 11000, error)
E   pymongo.errors.DuplicateKeyError: E11000 duplicate key error collection: test_database.committees index: code_1 dup key: { code: "TESTCO" }, full error: {'index': 0, 'code': 11000, 'errmsg': 'E11000 duplicate key error collection: test_database.committees index: code_1 dup key: { code: "TESTCO" }', 'keyPattern': {'code': 1}, 'keyValue': {'code': 'TESTCO'}}</error></testcase><testcase classname="tests.test_vinayaka_v2.TestUploadsAndFiles" name="test_download_without_token" time="0.000"><failure message="assert None&#10; +  where None = TestUploadsAndFiles.storage_path">tests/test_vinayaka_v2.py:66: in test_download_without_token
    assert TestUploadsAndFiles.storage_path
E   assert None
E    +  where None = TestUploadsAndFiles.storage_path</failure></testcase><testcase classname="tests.test_vinayaka_v2.TestUploadsAndFiles" name="test_download_with_wrong_token" time="0.000"><failure message="assert None&#10; +  where None = TestUploadsAndFiles.storage_path">tests/test_vinayaka_v2.py:75: in test_download_with_wrong_token
    assert TestUploadsAndFiles.storage_path
E   assert None
E    +  where None = TestUploadsAndFiles.storage_path</failure></testcase><testcase classname="tests.test_committees.TestIsolation" name="test_donation_isolation" time="0.678" /><testcase classname="tests.test_vinayaka_backend.TestMembers" name="test_role_update_invalid_role" time="0.075" /><testcase classname="tests.test_committees.TestCommitteeCreate" name="test_create_requires_auth" time="0.145" /><testcase classname="tests.test_committees.TestCommitteeCreate" name="test_create_blank_name_rejected" time="0.128" /><testcase classname="tests.test_committees.TestCommitteeCreate" name="test_create_success_returns_code_and_promotes_president" time="0.224" /><testcase classname="tests.test_delete_donations_expenses.TestDeleteDonation" name="test_delete_donation_as_regular_member" time="0.139" /><testcase classname="tests.test_committees.TestIsolation" name="test_join_grants_access_to_existing_data" time="0.634" /><testcase classname="tests.test_delete_donations_expenses.TestDeleteDonation" name="test_delete_donation_missing_id_returns_404" time="0.030" /><testcase classname="tests.test_delete_donations_expenses.TestDeleteDonation" name="test_delete_donation_without_token_401" time="0.106" /><testcase classname="tests.test_vinayaka_backend.TestHealth" name="test_root" time="0.071" /><testcase classname="tests.test_vinayaka_backend.TestHealth" name="test_roles" time="0.079" /><testcase classname="tests.test_vinayaka_backend.TestHealth" name="test_festival_config" time="0.085" /><testcase classname="tests.test_vinayaka_backend.TestSeedAndDashboard" name="test_seed_forbidden_for_regular" time="0.032" /><testcase classname="tests.test_vinayaka_backend.TestSeedAndDashboard" name="test_seed_as_president" time="0.033" /><testcase classname="tests.test_vinayaka_backend.TestSeedAndDashboard" name="test_dashboard_totals_after_seed" time="0.036" /><testcase classname="tests.test_vinayaka_backend.TestExpenses" name="test_create_expense" time="0.031" /><testcase classname="tests.test_vinayaka_backend.TestExpenses" name="test_approve_forbidden_for_regular" time="0.030" /><testcase classname="tests.test_vinayaka_backend.TestExpenses" name="test_approve_as_president" time="0.149" /><testcase classname="tests.test_committees.TestIsolation" name="test_seed_scoped_to_current_committee" time="0.604" /><testcase classname="tests.test_vinayaka_v3.TestDonationSms" name="test_donation_with_phone_and_send_sms_true_logs_skipped" time="0.072" /><testcase classname="tests.test_vinayaka_v3.TestDonationSms" name="test_donation_with_send_sms_false_no_log" time="1.071" /><testcase classname="tests.test_delete_donations_expenses.TestDeleteExpense" name="test_delete_expense_as_regular_member" time="0.000"><error message="failed on setup with &quot;pymongo.errors.DuplicateKeyError: E11000 duplicate key error collection: test_database.committees index: code_1 dup key: { code: &quot;TESTCO&quot; }, full error: {'index': 0, 'code': 11000, 'errmsg': 'E11000 duplicate key error collection: test_database.committees index: code_1 dup key: { code: &quot;TESTCO&quot; }', 'keyPattern': {'code': 1}, 'keyValue': {'code': 'TESTCO'}}&quot;">tests/conftest.py:90: in president
    user = _make_user(mongo_db, "President", "president")
           ^^^^^^^^^^^^^^^^^^^^^^^^^^^^^^^^^^^^^^^^^^^^^^
tests/conftest.py:67: in _make_user
    committee_id = _ensure_test_committee(mongo_db)
                   ^^^^^^^^^^^^^^^^^^^^^^^^^^^^^^^^
tests/conftest.py:51: in _ensure_test_committee
    mongo_db.committees.insert_one({
/root/.venv/lib/python3.11/site-packages/pymongo/collection.py:669: in insert_one
    self._insert_one(
/root/.venv/lib/python3.11/site-packages/pymongo/collection.py:609: in _insert_one
    self.__database.client._retryable_write(acknowledged, _insert_command, session)
/root/.venv/lib/python3.11/site-packages/pymongo/mongo_client.py:1523: in _retryable_write
    return self._retry_with_session(retryable, func, s, bulk)
           ^^^^^^^^^^^^^^^^^^^^^^^^^^^^^^^^^^^^^^^^^^^^^^^^^^
/root/.venv/lib/python3.11/site-packages/pymongo/mongo_client.py:1421: in _retry_with_session
    return self._retry_internal(
/root/.venv/lib/python3.11/site-packages/pymongo/_csot.py:107: in csot_wrapper
    return func(self, *args, **kwargs)
           ^^^^^^^^^^^^^^^^^^^^^^^^^^^
/root/.venv/lib/python3.11/site-packages/pymongo/mongo_client.py:1462: in _retry_internal
    ).run()
      ^^^^^
/root/.venv/lib/python3.11/site-packages/pymongo/mongo_client.py:2315: in run
    return self._read() if self._is_read else self._write()
                                              ^^^^^^^^^^^^^
/root/.venv/lib/python3.11/site-packages/pymongo/mongo_client.py:2423: in _write
    return self._func(self._session, conn, self._retryable)  # type: ignore
           ^^^^^^^^^^^^^^^^^^^^^^^^^^^^^^^^^^^^^^^^^^^^^^^^
/root/.venv/lib/python3.11/site-packages/pymongo/collection.py:607: in _insert_command
    _check_write_command_response(result)
/root/.venv/lib/python3.11/site-packages/pymongo/helpers.py:266: in _check_write_command_response
    _raise_last_write_error(write_errors)
/root/.venv/lib/python3.11/site-packages/pymongo/helpers.py:238: in _raise_last_write_error
    raise DuplicateKeyError(error.get("errmsg"), 11000, error)
E   pymongo.errors.DuplicateKeyError: E11000 duplicate key error collection: test_database.committees index: code_1 dup key: { code: "TESTCO" }, full error: {'index': 0, 'code': 11000, 'errmsg': 'E11000 duplicate key error collection: test_database.committees index: code_1 dup key: { code: "TESTCO" }', 'keyPattern': {'code': 1}, 'keyValue': {'code': 'TESTCO'}}</error></testcase><testcase classname="tests.test_delete_donations_expenses.TestDeleteExpense" name="test_delete_expense_missing_id_returns_404" time="0.000"><error message="failed on setup with &quot;pymongo.errors.DuplicateKeyError: E11000 duplicate key error collection: test_database.committees index: code_1 dup key: { code: &quot;TESTCO&quot; }, full error: {'index': 0, 'code': 11000, 'errmsg': 'E11000 duplicate key error collection: test_database.committees index: code_1 dup key: { code: &quot;TESTCO&quot; }', 'keyPattern': {'code': 1}, 'keyValue': {'code': 'TESTCO'}}&quot;">tests/conftest.py:90: in president
    user = _make_user(mongo_db, "President", "president")
           ^^^^^^^^^^^^^^^^^^^^^^^^^^^^^^^^^^^^^^^^^^^^^^
tests/conftest.py:67: in _make_user
    committee_id = _ensure_test_committee(mongo_db)
                   ^^^^^^^^^^^^^^^^^^^^^^^^^^^^^^^^
tests/conftest.py:51: in _ensure_test_committee
    mongo_db.committees.insert_one({
/root/.venv/lib/python3.11/site-packages/pymongo/collection.py:669: in insert_one
    self._insert_one(
/root/.venv/lib/python3.11/site-packages/pymongo/collection.py:609: in _insert_one
    self.__database.client._retryable_write(acknowledged, _insert_command, session)
/root/.venv/lib/python3.11/site-packages/pymongo/mongo_client.py:1523: in _retryable_write
    return self._retry_with_session(retryable, func, s, bulk)
           ^^^^^^^^^^^^^^^^^^^^^^^^^^^^^^^^^^^^^^^^^^^^^^^^^^
/root/.venv/lib/python3.11/site-packages/pymongo/mongo_client.py:1421: in _retry_with_session
    return self._retry_internal(
/root/.venv/lib/python3.11/site-packages/pymongo/_csot.py:107: in csot_wrapper
    return func(self, *args, **kwargs)
           ^^^^^^^^^^^^^^^^^^^^^^^^^^^
/root/.venv/lib/python3.11/site-packages/pymongo/mongo_client.py:1462: in _retry_internal
    ).run()
      ^^^^^
/root/.venv/lib/python3.11/site-packages/pymongo/mongo_client.py:2315: in run
    return self._read() if self._is_read else self._write()
                                              ^^^^^^^^^^^^^
/root/.venv/lib/python3.11/site-packages/pymongo/mongo_client.py:2423: in _write
    return self._func(self._session, conn, self._retryable)  # type: ignore
           ^^^^^^^^^^^^^^^^^^^^^^^^^^^^^^^^^^^^^^^^^^^^^^^^
/root/.venv/lib/python3.11/site-packages/pymongo/collection.py:607: in _insert_command
    _check_write_command_response(result)
/root/.venv/lib/python3.11/site-packages/pymongo/helpers.py:266: in _check_write_command_response
    _raise_last_write_error(write_errors)
/root/.venv/lib/python3.11/site-packages/pymongo/helpers.py:238: in _raise_last_write_error
    raise DuplicateKeyError(error.get("errmsg"), 11000, error)
E   pymongo.errors.DuplicateKeyError: E11000 duplicate key error collection: test_database.committees index: code_1 dup key: { code: "TESTCO" }, full error: {'index': 0, 'code': 11000, 'errmsg': 'E11000 duplicate key error collection: test_database.committees index: code_1 dup key: { code: "TESTCO" }', 'keyPattern': {'code': 1}, 'keyValue': {'code': 'TESTCO'}}</error></testcase><testcase classname="tests.test_delete_donations_expenses.TestDeleteExpense" name="test_delete_expense_without_token_401" time="0.001"><error message="failed on setup with &quot;pymongo.errors.DuplicateKeyError: E11000 duplicate key error collection: test_database.committees index: code_1 dup key: { code: &quot;TESTCO&quot; }, full error: {'index': 0, 'code': 11000, 'errmsg': 'E11000 duplicate key error collection: test_database.committees index: code_1 dup key: { code: &quot;TESTCO&quot; }', 'keyPattern': {'code': 1}, 'keyValue': {'code': 'TESTCO'}}&quot;">tests/conftest.py:90: in president
    user = _make_user(mongo_db, "President", "president")
           ^^^^^^^^^^^^^^^^^^^^^^^^^^^^^^^^^^^^^^^^^^^^^^
tests/conftest.py:67: in _make_user
    committee_id = _ensure_test_committee(mongo_db)
                   ^^^^^^^^^^^^^^^^^^^^^^^^^^^^^^^^
tests/conftest.py:51: in _ensure_test_committee
    mongo_db.committees.insert_one({
/root/.venv/lib/python3.11/site-packages/pymongo/collection.py:669: in insert_one
    self._insert_one(
/root/.venv/lib/python3.11/site-packages/pymongo/collection.py:609: in _insert_one
    self.__database.client._retryable_write(acknowledged, _insert_command, session)
/root/.venv/lib/python3.11/site-packages/pymongo/mongo_client.py:1523: in _retryable_write
    return self._retry_with_session(retryable, func, s, bulk)
[...]
E   pymongo.errors.DuplicateKeyError: E11000 duplicate key error collection: test_database.committees index: code_1 dup key: { code: "TESTCO" }, full error: {'index': 0, 'code': 11000, 'errmsg': 'E11000 duplicate key error collection: test_database.committees index: code_1 dup key: { code: "TESTCO" }', 'keyPattern': {'code': 1}, 'keyValue': {'code': 'TESTCO'}}</error></testcase><testcase classname="tests.test_vinayaka_backend.TestAI" name="test_ai_history" time="0.000"><error message="failed on setup with &quot;pymongo.errors.DuplicateKeyError: E11000 duplicate key error collection: test_database.committees index: code_1 dup key: { code: &quot;TESTCO&quot; }, full error: {'index': 0, 'code': 11000, 'errmsg': 'E11000 duplicate key error collection: test_database.committees index: code_1 dup key: { code: &quot;TESTCO&quot; }', 'keyPattern': {'code': 1}, 'keyValue': {'code': 'TESTCO'}}&quot;">tests/conftest.py:90: in president
    user = _make_user(mongo_db, "President", "president")
           ^^^^^^^^^^^^^^^^^^^^^^^^^^^^^^^^^^^^^^^^^^^^^^
tests/conftest.py:67: in _make_user
    committee_id = _ensure_test_committee(mongo_db)
                   ^^^^^^^^^^^^^^^^^^^^^^^^^^^^^^^^
tests/conftest.py:51: in _ensure_test_committee
    mongo_db.committees.insert_one({
/root/.venv/lib/python3.11/site-packages/pymongo/collection.py:669: in insert_one
    self._insert_one(
/root/.venv/lib/python3.11/site-packages/pymongo/collection.py:609: in _insert_one
    self.__database.client._retryable_write(acknowledged, _insert_command, session)
/root/.venv/lib/python3.11/site-packages/pymongo/mongo_client.py:1523: in _retryable_write
    return self._retry_with_session(retryable, func, s, bulk)
           ^^^^^^^^^^^^^^^^^^^^^^^^^^^^^^^^^^^^^^^^^^^^^^^^^^
/root/.venv/lib/python3.11/site-packages/pymongo/mongo_client.py:1421: in _retry_with_session
    return self._retry_internal(
/root/.venv/lib/python3.11/site-packages/pymongo/_csot.py:107: in csot_wrapper
    return func(self, *args, **kwargs)
           ^^^^^^^^^^^^^^^^^^^^^^^^^^^
/root/.venv/lib/python3.11/site-packages/pymongo/mongo_client.py:1462: in _retry_internal
    ).run()
      ^^^^^
/root/.venv/lib/python3.11/site-packages/pymongo/mongo_client.py:2315: in run
    return self._read() if self._is_read else self._write()
                                              ^^^^^^^^^^^^^
/root/.venv/lib/python3.11/site-packages/pymongo/mongo_client.py:2423: in _write
    return self._func(self._session, conn, self._retryable)  # type: ignore
           ^^^^^^^^^^^^^^^^^^^^^^^^^^^^^^^^^^^^^^^^^^^^^^^^
/root/.venv/lib/python3.11/site-packages/pymongo/collection.py:607: in _insert_command
    _check_write_command_response(result)
/root/.venv/lib/python3.11/site-packages/pymongo/helpers.py:266: in _check_write_command_response
    _raise_last_write_error(write_errors)
/root/.venv/lib/python3.11/site-packages/pymongo/helpers.py:238: in _raise_last_write_error
    raise DuplicateKeyError(error.get("errmsg"), 11000, error)
E   pymongo.errors.DuplicateKeyError: E11000 duplicate key error collection: test_database.committees index: code_1 dup key: { code: "TESTCO" }, full error: {'index': 0, 'code': 11000, 'errmsg': 'E11000 duplicate key error collection: test_database.committees index: code_1 dup key: { code: "TESTCO" }', 'keyPattern': {'code': 1}, 'keyValue': {'code': 'TESTCO'}}</error></testcase><testcase classname="tests.test_committees.TestCommitteeLeave" name="test_leave_clears_committee" time="0.341" /><testcase classname="tests.test_vinayaka_v3.TestDonationSms" name="test_donation_without_phone_no_log" time="1.039" /><testcase classname="tests.test_committees.TestMyCommittee" name="test_me_null_when_no_committee" time="0.085" /><testcase classname="tests.test_committees.TestGate428" name="test_no_committee_returns_428" time="0.778" /><testcase classname="tests.test_committees.TestCommitteeJoin" name="test_join_wrong_code_404" time="0.099" /><testcase classname="tests.test_committees.TestCommitteeJoin" name="test_join_correct_code_regular_member" time="0.246" /><testcase classname="tests.test_delete_donations_expenses.TestDashboardAfterDonationDelete" name="test_dashboard_and_pending_dues_recompute_on_delete" time="0.000"><error message="failed on setup with &quot;pymongo.errors.DuplicateKeyError: E11000 duplicate key error collection: test_database.committees index: code_1 dup key: { code: &quot;TESTCO&quot; }, full error: {'index': 0, 'code': 11000, 'errmsg': 'E11000 duplicate key error collection: test_database.committees index: code_1 dup key: { code: &quot;TESTCO&quot; }', 'keyPattern': {'code': 1}, 'keyValue': {'code': 'TESTCO'}}&quot;">tests/conftest.py:90: in president
    user = _make_user(mongo_db, "President", "president")
           ^^^^^^^^^^^^^^^^^^^^^^^^^^^^^^^^^^^^^^^^^^^^^^
tests/conftest.py:67: in _make_user
    committee_id = _ensure_test_committee(mongo_db)
                   ^^^^^^^^^^^^^^^^^^^^^^^^^^^^^^^^
tests/conftest.py:51: in _ensure_test_committee
    mongo_db.committees.insert_one({
/root/.venv/lib/python3.11/site-packages/pymongo/collection.py:669: in insert_one
    self._insert_one(
/root/.venv/lib/python3.11/site-packages/pymongo/collection.py:609: in _insert_one
    self.__database.client._retryable_write(acknowledged, _insert_command, session)
/root/.venv/lib/python3.11/site-packages/pymongo/mongo_client.py:1523: in _retryable_write
    return self._retry_with_session(retryable, func, s, bulk)
           ^^^^^^^^^^^^^^^^^^^^^^^^^^^^^^^^^^^^^^^^^^^^^^^^^^
/root/.venv/lib/python3.11/site-packages/pymongo/mongo_client.py:1421: in _retry_with_session
    return self._retry_internal(
/root/.venv/lib/python3.11/site-packages/pymongo/_csot.py:107: in csot_wrapper
    return func(self, *args, **kwargs)
           ^^^^^^^^^^^^^^^^^^^^^^^^^^^
/root/.venv/lib/python3.11/site-packages/pymongo/mongo_client.py:1462: in _retry_internal
    ).run()
      ^^^^^
/root/.venv/lib/python3.11/site-packages/pymongo/mongo_client.py:2315: in run
    return self._read() if self._is_read else self._write()
                                              ^^^^^^^^^^^^^
/root/.venv/lib/python3.11/site-packages/pymongo/mongo_client.py:2423: in _write
    return self._func(self._session, conn, self._retryable)  # type: ignore
           ^^^^^^^^^^^^^^^^^^^^^^^^^^^^^^^^^^^^^^^^^^^^^^^^
/root/.venv/lib/python3.11/site-packages/pymongo/collection.py:607: in _insert_command
    _check_write_command_response(result)
/root/.venv/lib/python3.11/site-packages/pymongo/helpers.py:266: in _check_write_command_response
    _raise_last_write_error(write_errors)
/root/.venv/lib/python3.11/site-packages/pymongo/helpers.py:238: in _raise_last_write_error
    raise DuplicateKeyError(error.get("errmsg"), 11000, error)
E   pymongo.errors.DuplicateKeyError: E11000 duplicate key error collection: test_database.committees index: code_1 dup key: { code: "TESTCO" }, full error: {'index': 0, 'code': 11000, 'errmsg': 'E11000 duplicate key error collection: test_database.committees index: code_1 dup key: { code: "TESTCO" }', 'keyPattern': {'code': 1}, 'keyValue': {'code': 'TESTCO'}}</error></testcase><testcase classname="tests.test_delete_donations_expenses.TestDashboardAfterExpenseDelete" name="test_total_expenses_and_balance_restore" time="0.000"><error message="failed on setup with &quot;pymongo.errors.DuplicateKeyError: E11000 duplicate key error collection: test_database.committees index: code_1 dup key: { code: &quot;TESTCO&quot; }, full error: {'index': 0, 'code': 11000, 'errmsg': 'E11000 duplicate key error collection: test_database.committees index: code_1 dup key: { code: &quot;TESTCO&quot; }', 'keyPattern': {'code': 1}, 'keyValue': {'code': 'TESTCO'}}&quot;">tests/conftest.py:90: in president
    user = _make_user(mongo_db, "President", "president")
           ^^^^^^^^^^^^^^^^^^^^^^^^^^^^^^^^^^^^^^^^^^^^^^
tests/conftest.py:67: in _make_user
    committee_id = _ensure_test_committee(mongo_db)
                   ^^^^^^^^^^^^^^^^^^^^^^^^^^^^^^^^
tests/conftest.py:51: in _ensure_test_committee
    mongo_db.committees.insert_one({
/root/.venv/lib/python3.11/site-packages/pymongo/collection.py:669: in insert_one
    self._insert_one(
/root/.venv/lib/python3.11/site-packages/pymongo/collection.py:609: in _insert_one
    self.__database.client._retryable_write(acknowledged, _insert_command, session)
/root/.venv/lib/python3.11/site-packages/pymongo/mongo_client.py:1523: in _retryable_write
    return self._retry_with_session(retryable, func, s, bulk)
           ^^^^^^^^^^^^^^^^^^^^^^^^^^^^^^^^^^^^^^^^^^^^^^^^^^
/root/.venv/lib/python3.11/site-packages/pymongo/mongo_client.py:1421: in _retry_with_session
    return self._retry_internal(
/root/.venv/lib/python3.11/site-packages/pymongo/_csot.py:107: in csot_wrapper
    return func(self, *args, **kwargs)
           ^^^^^^^^^^^^^^^^^^^^^^^^^^^
/root/.venv/lib/python3.11/site-packages/pymongo/mongo_client.py:1462: in _retry_internal
    ).run()
      ^^^^^
/root/.venv/lib/python3.11/site-packages/pymongo/mongo_client.py:2315: in run
    return self._read() if self._is_read else self._write()
                                              ^^^^^^^^^^^^^
/root/.venv/lib/python3.11/site-packages/pymongo/mongo_client.py:2423: in _write
    return self._func(self._session, conn, self._retryable)  # type: ignore
           ^^^^^^^^^^^^^^^^^^^^^^^^^^^^^^^^^^^^^^^^^^^^^^^^
/root/.venv/lib/python3.11/site-packages/pymongo/collection.py:607: in _insert_command
    _check_write_command_response(result)
/root/.venv/lib/python3.11/site-packages/pymongo/helpers.py:266: in _check_write_command_response
    _raise_last_write_error(write_errors)
/root/.venv/lib/python3.11/site-packages/pymongo/helpers.py:238: in _raise_last_write_error
    raise DuplicateKeyError(error.get("errmsg"), 11000, error)
E   pymongo.errors.DuplicateKeyError: E11000 duplicate key error collection: test_database.committees index: code_1 dup key: { code: "TESTCO" }, full error: {'index': 0, 'code': 11000, 'errmsg': 'E11000 duplicate key error collection: test_database.committees index: code_1 dup key: { code: "TESTCO" }', 'keyPattern': {'code': 1}, 'keyValue': {'code': 'TESTCO'}}</error></testcase><testcase classname="tests.test_donations_expenses_v4.TestDashboard" name="test_dashboard_uses_paid_amount" time="0.000"><error message="failed on setup with &quot;pymongo.errors.DuplicateKeyError: E11000 duplicate key error collection: test_database.committees index: code_1 dup key: { code: &quot;TESTCO&quot; }, full error: {'index': 0, 'code': 11000, 'errmsg': 'E11000 duplicate key error collection: test_database.committees index: code_1 dup key: { code: &quot;TESTCO&quot; }', 'keyPattern': {'code': 1}, 'keyValue': {'code': 'TESTCO'}}&quot;">tests/conftest.py:90: in president
    user = _make_user(mongo_db, "President", "president")
           ^^^^^^^^^^^^^^^^^^^^^^^^^^^^^^^^^^^^^^^^^^^^^^
tests/conftest.py:67: in _make_user
    committee_id = _ensure_test_committee(mongo_db)
                   ^^^^^^^^^^^^^^^^^^^^^^^^^^^^^^^^
tests/conftest.py:51: in _ensure_test_committee
    mongo_db.committees.insert_one({
/root/.venv/lib/python3.11/site-packages/pymongo/collection.py:669: in insert_one
    self._insert_one(
/root/.venv/lib/python3.11/site-packages/pymongo/collection.py:609: in _insert_one
    self.__database.client._retryable_write(acknowledged, _insert_command, session)
/root/.venv/lib/python3.11/site-packages/pymongo/mongo_client.py:1523: in _retryable_write
    return self._retry_with_session(retryable, func, s, bulk)
           ^^^^^^^^^^^^^^^^^^^^^^^^^^^^^^^^^^^^^^^^^^^^^^^^^^
/root/.venv/lib/python3.11/site-packages/pymongo/mongo_client.py:1421: in _retry_with_session
    return self._retry_internal(
/root/.venv/lib/python3.11/site-packages/pymongo/_csot.py:107: in csot_wrapper
    return func(self, *args, **kwargs)
           ^^^^^^^^^^^^^^^^^^^^^^^^^^^
/root/.venv/lib/python3.11/site-packages/pymongo/mongo_client.py:1462: in _retry_internal
    ).run()
      ^^^^^
/root/.venv/lib/python3.11/site-packages/pymongo/mongo_client.py:2315: in run
    return self._read() if self._is_read else self._write()
                                              ^^^^^^^^^^^^^
/root/.venv/lib/python3.11/site-packages/pymongo/mongo_client.py:2423: in _write
    return self._func(self._session, conn, self._retryable)  # type: ignore
           ^^^^^^^^^^^^^^^^^^^^^^^^^^^^^^^^^^^^^^^^^^^^^^^^
/root/.venv/lib/python3.11/site-packages/pymongo/collection.py:607: in _insert_command
    _check_write_command_response(result)
/root/.venv/lib/python3.11/site-packages/pymongo/helpers.py:266: in _check_write_command_response
    _raise_last_write_error(write_errors)
/root/.venv/lib/python3.11/site-packages/pymongo/helpers.py:238: in _raise_last_write_error
    raise DuplicateKeyError(error.get("errmsg"), 11000, error)
E   pymongo.errors.DuplicateKeyError: E11000 duplicate key error collection: test_database.committees index: code_1 dup key: { code: "TESTCO" }, full error: {'index': 0, 'code': 11000, 'errmsg': 'E11000 duplicate key error collection: test_database.committees index: code_1 dup key: { code: "TESTCO" }', 'keyPattern': {'code': 1}, 'keyValue': {'code': 'TESTCO'}}</error></testcase><testcase classname="tests.test_donations_expenses_v4.TestPendingDues" name="test_pending_dues_only_partial" time="0.103" /><testcase classname="tests.test_vinayaka_backend.TestAnnouncements" name="test_create_and_list" time="0.000"><error message="failed on setup with &quot;pymongo.errors.DuplicateKeyError: E11000 duplicate key error collection: test_database.committees index: code_1 dup key: { code: &quot;TESTCO&quot; }, full error: {'index': 0, 'code': 11000, 'errmsg': 'E11000 duplicate key error collection: test_database.committees index: code_1 dup key: { code: &quot;TESTCO&quot; }', 'keyPattern': {'code': 1}, 'keyValue': {'code': 'TESTCO'}}&quot;">tests/conftest.py:90: in president
    user = _make_user(mongo_db, "President", "president")
           ^^^^^^^^^^^^^^^^^^^^^^^^^^^^^^^^^^^^^^^^^^^^^^
tests/conftest.py:67: in _make_user
    committee_id = _ensure_test_committee(mongo_db)
                   ^^^^^^^^^^^^^^^^^^^^^^^^^^^^^^^^
tests/conftest.py:51: in _ensure_test_committee
    mongo_db.committees.insert_one({
/root/.venv/lib/python3.11/site-packages/pymongo/collection.py:669: in insert_one
    self._insert_one(
/root/.venv/lib/python3.11/site-packages/pymongo/collection.py:609: in _insert_one
    self.__database.client._retryable_write(acknowledged, _insert_command, session)
/root/.venv/lib/python3.11/site-packages/pymongo/mongo_client.py:1523: in _retryable_write
    return self._retry_with_session(retryable, func, s, bulk)
           ^^^^^^^^^^^^^^^^^^^^^^^^^^^^^^^^^^^^^^^^^^^^^^^^^^
/root/.venv/lib/python3.11/site-packages/pymongo/mongo_client.py:1421: in _retry_with_session
    return self._retry_internal(
/root/.venv/lib/python3.11/site-packages/pymongo/_csot.py:107: in csot_wrapper
    return func(self, *args, **kwargs)
           ^^^^^^^^^^^^^^^^^^^^^^^^^^^
/root/.venv/lib/python3.11/site-packages/pymongo/mongo_client.py:1462: in _retry_internal
    ).run()
      ^^^^^
/root/.venv/lib/python3.11/site-packages/pymongo/mongo_client.py:2315: in run
    return self._read() if self._is_read else self._write()
                                              ^^^^^^^^^^^^^
/root/.venv/lib/python3.11/site-packages/pymongo/mongo_client.py:2423: in _write
    return self._func(self._session, conn, self._retryable)  # type: ignore
           ^^^^^^^^^^^^^^^^^^^^^^^^^^^^^^^^^^^^^^^^^^^^^^^^
/root/.venv/lib/python3.11/site-packages/pymongo/collection.py:607: in _insert_command
    _check_write_command_response(result)
/root/.venv/lib/python3.11/site-packages/pymongo/helpers.py:266: in _check_write_command_response
    _raise_last_write_error(write_errors)
/root/.venv/lib/python3.11/site-packages/pymongo/helpers.py:238: in _raise_last_write_error
    raise DuplicateKeyError(error.get("errmsg"), 11000, error)
E   pymongo.errors.DuplicateKeyError: E11000 duplicate key error collection: test_database.committees index: code_1 dup key: { code: "TESTCO" }, full error: {'index': 0, 'code': 11000, 'errmsg': 'E11000 duplicate key error collection: test_database.committees index: code_1 dup key: { code: "TESTCO" }', 'keyPattern': {'code': 1}, 'keyValue': {'code': 'TESTCO'}}</error></testcase><testcase classname="tests.test_vinayaka_backend.TestEvents" name="test_create_and_list" time="0.002"><error message="failed on setup with &quot;pymongo.errors.DuplicateKeyError: E11000 duplicate key error collection: test_database.committees index: code_1 dup key: { code: &quot;TESTCO&quot; }, full error: {'index': 0, 'code': 11000, 'errmsg': 'E11000 duplicate key error collection: test_database.committees index: code_1 dup key: { code: &quot;TESTCO&quot; }', 'keyPattern': {'code': 1}, 'keyValue': {'code': 'TESTCO'}}&quot;">tests/conftest.py:90: in president
    user = _make_user(mongo_db, "President", "president")
           ^^^^^^^^^^^^^^^^^^^^^^^^^^^^^^^^^^^^^^^^^^^^^^
tests/conftest.py:67: in _make_user
    committee_id = _ensure_test_committee(mongo_db)
                   ^^^^^^^^^^^^^^^^^^^^^^^^^^^^^^^^
tests/conftest.py:51: in _ensure_test_committee
    mongo_db.committees.insert_one({
/root/.venv/lib/python3.11/site-packages/pymongo/collection.py:669: in insert_one
    self._insert_one(
/root/.venv/lib/python3.11/site-packages/pymongo/collection.py:609: in _insert_one
    self.__database.client._retryable_write(acknowledged, _insert_command, session)
/root/.venv/lib/python3.11/site-packages/pymongo/mongo_client.py:1523: in _retryable_write
    return self._retry_with_session(retryable, func, s, bulk)
           ^^^^^^^^^^^^^^^^^^^^^^^^^^^^^^^^^^^^^^^^^^^^^^^^^^
/root/.venv/lib/python3.11/site-packages/pymongo/mongo_client.py:1421: in _retry_with_session
    return self._retry_internal(
/root/.venv/lib/python3.11/site-packages/pymongo/_csot.py:107: in csot_wrapper
    return func(self, *args, **kwargs)
           ^^^^^^^^^^^^^^^^^^^^^^^^^^^
/root/.venv/lib/python3.11/site-packages/pymongo/mongo_client.py:1462: in _retry_internal
    ).run()
      ^^^^^
/root/.venv/lib/python3.11/site-packages/pymongo/mongo_client.py:2315: in run
    return self._read() if self._is_read else self._write()
                                              ^^^^^^^^^^^^^
/root/.venv/lib/python3.11/site-packages/pymongo/mongo_client.py:2423: in _write
    return self._func(self._session, conn, self._retryable)  # type: ignore
           ^^^^^^^^^^^^^^^^^^^^^^^^^^^^^^^^^^^^^^^^^^^^^^^^
/root/.venv/lib/python3.11/site-packages/pymongo/collection.py:607: in _insert_command
    _check_write_command_response(result)
/root/.venv/lib/python3.11/site-packages/pymongo/helpers.py:266: in _check_write_command_response
    _raise_last_write_error(write_errors)
/root/.venv/lib/python3.11/site-packages/pymongo/helpers.py:238: in _raise_last_write_error
    raise DuplicateKeyError(error.get("errmsg"), 11000, error)
E   pymongo.errors.DuplicateKeyError: E11000 duplicate key error collection: test_database.committees index: code_1 dup key: { code: "TESTCO" }, full error: {'index': 0, 'code': 11000, 'errmsg': 'E11000 duplicate key error collection: test_database.committees index: code_1 dup key: { code: "TESTCO" }', 'keyPattern': {'code': 1}, 'keyValue': {'code': 'TESTCO'}}</error></testcase><testcase classname="tests.test_donations_expenses_v4.TestBackwardCompat" name="test_legacy_donation_treated_as_paid" time="0.105"><failure message="assert 0.0 == 750.0&#10; +  where 0.0 = round((8617.0 - 8617.0), 2)&#10; +    where 8617.0 = float(8617.0)">tests/test_donations_expenses_v4.py:190: in test_legacy_donation_treated_as_paid
    assert round(float(d["total_donations"]) - base_total, 2) == 750.0
E   assert 0.0 == 750.0
E    +  where 0.0 = round((8617.0 - 8617.0), 2)
E    +    where 8617.0 = float(8617.0)</failure></testcase></testsuite></testsuites>