<?xml version="1.0" encoding="utf-8"?><testsuites name="pytest tests"><testsuite name="pytest" errors="0" failures="0" skipped="0" tests="99" time="17.421" timestamp="2026-09-13T10:50:10.605671+00:00" hostname="agent-env-bb82db99-cf44-4106-96a2-e8f80255160e"><testcase classname="tests.test_committees.TestCommitteeCreate" name="test_create_requires_auth" time="0.127" /><testcase classname="tests.test_committees.TestCommitteeCreate" name="test_create_blank_name_rejected" time="0.094" /><testcase classname="tests.test_committees.TestCommitteeCreate" name="test_create_success_returns_code_and_promotes_president" time="0.161" /><testcase classname="tests.test_committees.TestCommitteeJoin" name="test_join_wrong_code_404" time="0.103" /><testcase classname="tests.test_committees.TestCommitteeJoin" name="test_join_correct_code_regular_member" time="0.255" /><testcase classname="tests.test_committees.TestCommitteeLeave" name="test_leave_clears_committee" time="0.429" /><testcase classname="tests.test_committees.TestMyCommittee" name="test_me_null_when_no_committee" time="0.107" /><testcase classname="tests.test_committees.TestGate428" name="test_no_committee_returns_428" time="0.759" /><testcase classname="tests.test_committees.TestIsolation" name="test_donation_isolation" time="0.695" /><testcase classname="tests.test_committees.TestIsolation" name="test_join_grants_access_to_existing_data" time="0.486" /><testcase classname="tests.test_committees.TestIsolation" name="test_seed_scoped_to_current_committee" time="0.573" /><testcase classname="tests.test_delete_donations_expenses.TestDeleteDonation" name="test_delete_donation_as_regular_member" time="0.213" /><testcase classname="tests.test_delete_donations_expenses.TestDeleteDonation" name="test_delete_donation_missing_id_returns_404" time="0.079" /><testcase classname="tests.test_delete_donations_expenses.TestDeleteDonation" name="test_delete_donation_without_token_401" time="0.156" /><testcase classname="tests.test_delete_donations_expenses.TestDashboardAfterDonationDelete" name="test_dashboard_and_pending_dues_recompute_on_delete" time="0.528" /><testcase classname="tests.test_delete_donations_expenses.TestDeleteExpense" name="test_delete_expense_as_regular_member" time="0.242" /><testcase classname="tests.test_delete_donations_expenses.TestDeleteExpense" name="test_delete_expense_missing_id_returns_404" time="0.039" /><testcase classname="tests.test_delete_donations_expenses.TestDeleteExpense" name="test_delete_expense_without_token_401" time="0.127" /><testcase classname="tests.test_delete_donations_expenses.TestDashboardAfterExpenseDelete" name="test_total_expenses_and_balance_restore" time="0.372" /><testcase classname="tests.test_donations_expenses_v4.TestDonationPaidAmount" name="test_post_without_paid_amount_defaults_full" time="0.042" /><testcase classname="tests.test_donations_expenses_v4.TestDonationPaidAmount" name="test_post_with_partial_paid" time="0.081" /><testcase classname="tests.test_donations_expenses_v4.TestDonationPaidAmount" name="test_post_clamps_paid_over_amount" time="0.080" /><testcase classname="tests.test_donations_expenses_v4.TestDonationPaidAmount" name="test_post_clamps_negative_paid_to_zero" time="0.088" /><testcase classname="tests.test_donations_expenses_v4.TestDonationPatch" name="test_patch_completes_partial" time="0.087" /><testcase classname="tests.test_donations_expenses_v4.TestDonationPatch" name="test_patch_amount_and_paid" time="0.099" /><testcase classname="tests.test_donations_expenses_v4.TestDonationPatch" name="test_patch_no_fields_returns_400" time="0.156" /><testcase classname="tests.test_donations_expenses_v4.TestDonationPatch" name="test_patch_missing_id_returns_404" time="0.081" /><testcase classname="tests.test_donations_expenses_v4.TestPendingDues" name="test_pending_dues_only_partial" time="0.188" /><testcase classname="tests.test_donations_expenses_v4.TestDashboard" name="test_dashboard_uses_paid_amount" time="0.209" /><testcase classname="tests.test_donations_expenses_v4.TestBackwardCompat" name="test_legacy_donation_treated_as_paid" time="0.249" /><testcase classname="tests.test_donations_expenses_v4.TestExpensePatch" name="test_edit_expense_as_regular_member" time="0.157" /><testcase classname="tests.test_donations_expenses_v4.TestExpensePatch" name="test_edit_expense_no_fields_400" time="0.159" /><testcase classname="tests.test_donations_expenses_v4.TestExpensePatch" name="test_edit_expense_missing_id_404" time="0.160" /><testcase classname="tests.test_donations_expenses_v4.TestExpensePatch" name="test_approve_still_rbac_gated" time="0.213" /><testcase classname="tests.test_vinayaka_backend.TestHealth" name="test_root" time="0.044" /><testcase classname="tests.test_vinayaka_backend.TestHealth" name="test_roles" time="0.041" /><testcase classname="tests.test_vinayaka_backend.TestHealth" name="test_festival_config" time="0.041" /><testcase classname="tests.test_vinayaka_backend.TestAuth" name="test_invalid_session_id" time="0.227" /><testcase classname="tests.test_vinayaka_backend.TestAuth" name="test_me_without_token" time="0.043" /><testcase classname="tests.test_vinayaka_backend.TestAuth" name="test_me_with_invalid_token" time="0.079" /><testcase classname="tests.test_vinayaka_backend.TestAuth" name="test_me_with_valid_token" time="0.106" /><testcase classname="tests.test_vinayaka_backend.TestSeedAndDashboard" name="test_seed_forbidden_for_regular" time="0.042" /><testcase classname="tests.test_vinayaka_backend.TestSeedAndDashboard" name="test_seed_as_president" time="0.047" /><testcase classname="tests.test_vinayaka_backend.TestSeedAndDashboard" name="test_dashboard_totals_after_seed" time="0.056" /><testcase classname="tests.test_vinayaka_backend.TestTasks" name="test_list_tasks" time="0.053" /><testcase classname="tests.test_vinayaka_backend.TestTasks" name="test_create_task" time="0.089" /><testcase classname="tests.test_vinayaka_backend.TestTasks" name="test_patch_task" time="0.044" /><testcase classname="tests.test_vinayaka_backend.TestTasks" name="test_add_comment" time="0.043" /><testcase classname="tests.test_vinayaka_backend.TestTasks" name="test_delete_task" time="0.121" /><testcase classname="tests.test_vinayaka_backend.TestDonations" name="test_list_donations" time="0.081" /><testcase classname="tests.test_vinayaka_backend.TestDonations" name="test_create_donation" time="0.084" /><testcase classname="tests.test_vinayaka_backend.TestExpenses" name="test_create_expense" time="0.042" /><testcase classname="tests.test_vinayaka_backend.TestExpenses" name="test_approve_forbidden_for_regular" time="0.081" /><testcase classname="tests.test_vinayaka_backend.TestExpenses" name="test_approve_as_president" time="0.126" /><testcase classname="tests.test_vinayaka_backend.TestAnnouncements" name="test_create_and_list" time="0.167" /><testcase classname="tests.test_vinayaka_backend.TestEvents" name="test_create_and_list" time="0.157" /><testcase classname="tests.test_vinayaka_backend.TestMembers" name="test_list_members" time="0.078" /><testcase classname="tests.test_vinayaka_backend.TestMembers" name="test_role_update_forbidden_for_regular" time="0.053" /><testcase classname="tests.test_vinayaka_backend.TestMembers" name="test_role_update_as_president" time="0.053" /><testcase classname="tests.test_vinayaka_backend.TestMembers" name="test_role_update_invalid_role" time="0.042" /><testcase classname="tests.test_vinayaka_backend.TestAI" name="test_ai_chat_stream" time="1.654" /><testcase classname="tests.test_vinayaka_backend.TestAI" name="test_ai_history" time="1.134" /><testcase classname="tests.test_vinayaka_v2.TestUploadsAndFiles" name="test_upload_png" time="0.395" /><testcase classname="tests.test_vinayaka_v2.TestUploadsAndFiles" name="test_download_with_valid_token" time="0.338" /><testcase classname="tests.test_vinayaka_v2.TestUploadsAndFiles" name="test_download_without_token" time="0.084" /><testcase classname="tests.test_vinayaka_v2.TestUploadsAndFiles" name="test_download_with_wrong_token" time="0.086" /><testcase classname="tests.test_vinayaka_v2.TestGallery" name="test_list_initial" time="0.355" /><testcase classname="tests.test_vinayaka_v2.TestGallery" name="test_add_gallery_as_member" time="0.063" /><testcase classname="tests.test_vinayaka_v2.TestGallery" name="test_add_gallery_as_second_member" time="0.034" /><testcase classname="tests.test_vinayaka_v2.TestGallery" name="test_list_non_empty" time="0.030" /><testcase classname="tests.test_vinayaka_v2.TestGallery" name="test_delete_non_owner_forbidden" time="0.030" /><testcase classname="tests.test_vinayaka_v2.TestGallery" name="test_delete_own_ok" time="0.066" /><testcase classname="tests.test_vinayaka_v2.TestGallery" name="test_delete_any_as_president" time="0.059" /><testcase classname="tests.test_vinayaka_v2.TestPolls" name="test_create_min_options_validation" time="0.029" /><testcase classname="tests.test_vinayaka_v2.TestPolls" name="test_create_poll" time="0.032" /><testcase classname="tests.test_vinayaka_v2.TestPolls" name="test_list_shows_new_poll" time="0.050" /><testcase classname="tests.test_vinayaka_v2.TestPolls" name="test_vote_bad_option" time="0.063" /><testcase classname="tests.test_vinayaka_v2.TestPolls" name="test_same_user_double_vote_counts_once" time="0.096" /><testcase classname="tests.test_vinayaka_v2.TestPolls" name="test_second_user_votes_option1" time="0.057" /><testcase classname="tests.test_vinayaka_v2.TestPolls" name="test_anonymous_poll" time="0.134" /><testcase classname="tests.test_vinayaka_v2.TestPolls" name="test_non_creator_non_officer_cannot_close" time="0.063" /><testcase classname="tests.test_vinayaka_v2.TestPolls" name="test_creator_can_close_then_vote_blocked" time="0.085" /><testcase classname="tests.test_vinayaka_v3.TestSmsConfig" name="test_get_forbidden_for_regular" time="0.029" /><testcase classname="tests.test_vinayaka_v3.TestSmsConfig" name="test_get_as_president_defaults" time="0.029" /><testcase classname="tests.test_vinayaka_v3.TestSmsConfig" name="test_put_as_president_full_body" time="0.035" /><testcase classname="tests.test_vinayaka_v3.TestSmsConfig" name="test_get_hides_secrets_shows_flags" time="0.030" /><testcase classname="tests.test_vinayaka_v3.TestSmsConfig" name="test_put_blank_token_preserves_previous" time="0.058" /><testcase classname="tests.test_vinayaka_v3.TestSmsConfig" name="test_put_forbidden_for_regular" time="0.031" /><testcase classname="tests.test_vinayaka_v3.TestSmsConfig" name="test_sms_test_endpoint_no_creds_skipped" time="0.037" /><testcase classname="tests.test_vinayaka_v3.TestSmsConfig" name="test_sms_test_endpoint_forbidden_for_regular" time="0.027" /><testcase classname="tests.test_vinayaka_v3.TestDonationSms" name="test_donation_with_phone_and_send_sms_true_logs_skipped" time="0.046" /><testcase classname="tests.test_vinayaka_v3.TestDonationSms" name="test_donation_with_send_sms_false_no_log" time="1.030" /><testcase classname="tests.test_vinayaka_v3.TestDonationSms" name="test_donation_without_phone_no_log" time="1.033" /><testcase classname="tests.test_vinayaka_v3.TestEventRsvp" name="test_create_event_for_rsvp" time="0.032" /><testcase classname="tests.test_vinayaka_v3.TestEventRsvp" name="test_bad_status_returns_400" time="0.030" /><testcase classname="tests.test_vinayaka_v3.TestEventRsvp" name="test_user1_rsvps_yes_plus2" time="0.063" /><testcase classname="tests.test_vinayaka_v3.TestEventRsvp" name="test_summary_after_first_rsvp" time="0.034" /><testcase classname="tests.test_vinayaka_v3.TestEventRsvp" name="test_user1_upserts_to_no" time="0.101" /><testcase classname="tests.test_vinayaka_v3.TestEventRsvp" name="test_user2_rsvps_yes_plus1" time="0.130" /></testsuite></testsuites>